
         /\      Grafana   /О“Г‡в•›О“Г‡в•›/  
    /\  /  \     |\  __   /  /   
   /  \/    \    | |/ /  /   О“Г‡в•›О“Г‡в•›\ 
  /          \   |   (  |  (О“Г‡в•›)  |
 / __________ \  |_|\_\  \_____/ 


     execution: local
        script: C:\Projects\Hone\sample-api\scale-tests\scenarios\stress-orders.js
        output: -

     scenarios: (100.00%) 1 scenario, 200 max VUs, 2m30s max duration (incl. graceful stop):
              * default: Up to 200 looping VUs for 2m0s over 5 stages (gracefulRampDown: 30s, gracefulStop: 30s)


running (0m01.0s), 001/200 VUs, 0 complete and 0 interrupted iterations
default   [   1% ] 001/200 VUs  0m01.0s/2m00.0s

running (0m02.0s), 002/200 VUs, 1 complete and 0 interrupted iterations
default   [   2% ] 002/200 VUs  0m02.0s/2m00.0s

running (0m03.0s), 002/200 VUs, 3 complete and 0 interrupted iterations
default   [   2% ] 002/200 VUs  0m03.0s/2m00.0s

running (0m04.0s), 003/200 VUs, 4 complete and 0 interrupted iterations
default   [   3% ] 003/200 VUs  0m04.0s/2m00.0s

running (0m05.0s), 003/200 VUs, 7 complete and 0 interrupted iterations
default   [   4% ] 003/200 VUs  0m05.0s/2m00.0s

running (0m06.0s), 004/200 VUs, 9 complete and 0 interrupted iterations
default   [   5% ] 004/200 VUs  0m06.0s/2m00.0s

running (0m07.0s), 005/200 VUs, 12 complete and 0 interrupted iterations
default   [   6% ] 005/200 VUs  0m07.0s/2m00.0s

running (0m08.0s), 005/200 VUs, 17 complete and 0 interrupted iterations
default   [   7% ] 005/200 VUs  0m08.0s/2m00.0s

running (0m09.0s), 006/200 VUs, 20 complete and 0 interrupted iterations
default   [   7% ] 006/200 VUs  0m09.0s/2m00.0s

running (0m10.0s), 006/200 VUs, 25 complete and 0 interrupted iterations
default   [   8% ] 006/200 VUs  0m10.0s/2m00.0s

running (0m11.0s), 007/200 VUs, 30 complete and 0 interrupted iterations
default   [   9% ] 007/200 VUs  0m11.0s/2m00.0s

running (0m12.0s), 008/200 VUs, 36 complete and 0 interrupted iterations
default   [  10% ] 008/200 VUs  0m12.0s/2m00.0s

running (0m13.0s), 008/200 VUs, 43 complete and 0 interrupted iterations
default   [  11% ] 008/200 VUs  0m13.0s/2m00.0s

running (0m14.0s), 009/200 VUs, 48 complete and 0 interrupted iterations
default   [  12% ] 009/200 VUs  0m14.0s/2m00.0s

running (0m15.0s), 009/200 VUs, 55 complete and 0 interrupted iterations
default   [  12% ] 009/200 VUs  0m15.0s/2m00.0s

running (0m16.0s), 011/200 VUs, 63 complete and 0 interrupted iterations
default   [  13% ] 011/200 VUs  0m16.0s/2m00.0s

running (0m17.0s), 012/200 VUs, 71 complete and 0 interrupted iterations
default   [  14% ] 012/200 VUs  0m17.0s/2m00.0s

running (0m18.0s), 013/200 VUs, 82 complete and 0 interrupted iterations
default   [  15% ] 013/200 VUs  0m18.0s/2m00.0s

running (0m19.0s), 015/200 VUs, 91 complete and 0 interrupted iterations
default   [  16% ] 015/200 VUs  0m19.0s/2m00.0s

running (0m20.0s), 016/200 VUs, 104 complete and 0 interrupted iterations
default   [  17% ] 016/200 VUs  0m20.0s/2m00.0s

running (0m21.0s), 017/200 VUs, 116 complete and 0 interrupted iterations
default   [  17% ] 017/200 VUs  0m21.0s/2m00.0s

running (0m22.0s), 019/200 VUs, 129 complete and 0 interrupted iterations
default   [  18% ] 019/200 VUs  0m22.0s/2m00.0s

running (0m23.0s), 020/200 VUs, 146 complete and 0 interrupted iterations
default   [  19% ] 020/200 VUs  0m23.0s/2m00.0s

running (0m24.0s), 021/200 VUs, 160 complete and 0 interrupted iterations
default   [  20% ] 021/200 VUs  0m24.0s/2m00.0s

running (0m25.0s), 023/200 VUs, 176 complete and 0 interrupted iterations
default   [  21% ] 023/200 VUs  0m25.0s/2m00.0s

running (0m26.0s), 024/200 VUs, 195 complete and 0 interrupted iterations
default   [  22% ] 024/200 VUs  0m26.0s/2m00.0s

running (0m27.0s), 025/200 VUs, 214 complete and 0 interrupted iterations
default   [  22% ] 025/200 VUs  0m27.0s/2m00.0s

running (0m28.0s), 027/200 VUs, 234 complete and 0 interrupted iterations
default   [  23% ] 027/200 VUs  0m28.0s/2m00.0s

running (0m29.0s), 028/200 VUs, 249 complete and 0 interrupted iterations
default   [  24% ] 028/200 VUs  0m29.0s/2m00.0s

running (0m30.0s), 029/200 VUs, 274 complete and 0 interrupted iterations
default   [  25% ] 029/200 VUs  0m30.0s/2m00.0s

running (0m31.0s), 031/200 VUs, 295 complete and 0 interrupted iterations
default   [  26% ] 031/200 VUs  0m31.0s/2m00.0s

running (0m32.0s), 032/200 VUs, 315 complete and 0 interrupted iterations
default   [  27% ] 032/200 VUs  0m32.0s/2m00.0s

running (0m33.0s), 033/200 VUs, 342 complete and 0 interrupted iterations
default   [  27% ] 033/200 VUs  0m33.0s/2m00.0s

running (0m34.0s), 035/200 VUs, 366 complete and 0 interrupted iterations
default   [  28% ] 035/200 VUs  0m34.0s/2m00.0s

running (0m35.0s), 036/200 VUs, 383 complete and 0 interrupted iterations
default   [  29% ] 036/200 VUs  0m35.0s/2m00.0s

running (0m36.0s), 037/200 VUs, 414 complete and 0 interrupted iterations
default   [  30% ] 037/200 VUs  0m36.0s/2m00.0s

running (0m37.0s), 039/200 VUs, 439 complete and 0 interrupted iterations
default   [  31% ] 039/200 VUs  0m37.0s/2m00.0s

running (0m38.0s), 040/200 VUs, 468 complete and 0 interrupted iterations
default   [  32% ] 040/200 VUs  0m38.0s/2m00.0s

running (0m39.0s), 041/200 VUs, 494 complete and 0 interrupted iterations
default   [  32% ] 041/200 VUs  0m39.0s/2m00.0s

running (0m40.0s), 043/200 VUs, 525 complete and 0 interrupted iterations
default   [  33% ] 043/200 VUs  0m40.0s/2m00.0s

running (0m41.0s), 044/200 VUs, 545 complete and 0 interrupted iterations
default   [  34% ] 044/200 VUs  0m41.0s/2m00.0s

running (0m42.0s), 045/200 VUs, 580 complete and 0 interrupted iterations
default   [  35% ] 045/200 VUs  0m42.0s/2m00.0s

running (0m43.0s), 047/200 VUs, 609 complete and 0 interrupted iterations
default   [  36% ] 047/200 VUs  0m43.0s/2m00.0s

running (0m44.0s), 048/200 VUs, 630 complete and 0 interrupted iterations
default   [  37% ] 048/200 VUs  0m44.0s/2m00.0s

running (0m45.0s), 049/200 VUs, 675 complete and 0 interrupted iterations
default   [  37% ] 049/200 VUs  0m45.0s/2m00.0s

running (0m46.0s), 051/200 VUs, 692 complete and 0 interrupted iterations
default   [  38% ] 051/200 VUs  0m46.0s/2m00.0s

running (0m47.0s), 053/200 VUs, 728 complete and 0 interrupted iterations
default   [  39% ] 053/200 VUs  0m47.0s/2m00.0s

running (0m48.0s), 054/200 VUs, 767 complete and 0 interrupted iterations
default   [  40% ] 054/200 VUs  0m48.0s/2m00.0s

running (0m49.0s), 056/200 VUs, 795 complete and 0 interrupted iterations
default   [  41% ] 056/200 VUs  0m49.0s/2m00.0s

running (0m50.0s), 058/200 VUs, 835 complete and 0 interrupted iterations
default   [  42% ] 058/200 VUs  0m50.0s/2m00.0s

running (0m51.0s), 059/200 VUs, 849 complete and 0 interrupted iterations
default   [  42% ] 059/200 VUs  0m51.0s/2m00.0s

running (0m52.0s), 061/200 VUs, 889 complete and 0 interrupted iterations
default   [  43% ] 061/200 VUs  0m52.0s/2m00.0s

running (0m53.0s), 063/200 VUs, 910 complete and 0 interrupted iterations
default   [  44% ] 063/200 VUs  0m53.0s/2m00.0s

running (0m54.0s), 064/200 VUs, 942 complete and 0 interrupted iterations
default   [  45% ] 064/200 VUs  0m54.0s/2m00.0s

running (0m55.0s), 066/200 VUs, 982 complete and 0 interrupted iterations
default   [  46% ] 066/200 VUs  0m55.0s/2m00.0s

running (0m56.0s), 068/200 VUs, 1010 complete and 0 interrupted iterations
default   [  47% ] 068/200 VUs  0m56.0s/2m00.0s

running (0m57.0s), 069/200 VUs, 1051 complete and 0 interrupted iterations
default   [  47% ] 069/200 VUs  0m57.0s/2m00.0s

running (0m58.0s), 071/200 VUs, 1067 complete and 0 interrupted iterations
default   [  48% ] 071/200 VUs  0m58.0s/2m00.0s

running (0m59.0s), 073/200 VUs, 1112 complete and 0 interrupted iterations
default   [  49% ] 073/200 VUs  0m59.0s/2m00.0s

running (1m00.0s), 074/200 VUs, 1129 complete and 0 interrupted iterations
default   [  50% ] 074/200 VUs  1m00.0s/2m00.0s

running (1m01.0s), 076/200 VUs, 1163 complete and 0 interrupted iterations
default   [  51% ] 076/200 VUs  1m01.0s/2m00.0s

running (1m02.0s), 078/200 VUs, 1208 complete and 0 interrupted iterations
default   [  52% ] 078/200 VUs  1m02.0s/2m00.0s

running (1m03.1s), 079/200 VUs, 1235 complete and 0 interrupted iterations
default   [  53% ] 079/200 VUs  1m03.1s/2m00.0s

running (1m04.0s), 081/200 VUs, 1269 complete and 0 interrupted iterations
default   [  53% ] 081/200 VUs  1m04.0s/2m00.0s

running (1m05.0s), 083/200 VUs, 1290 complete and 0 interrupted iterations
default   [  54% ] 083/200 VUs  1m05.0s/2m00.0s

running (1m06.0s), 084/200 VUs, 1337 complete and 0 interrupted iterations
default   [  55% ] 084/200 VUs  1m06.0s/2m00.0s

running (1m07.0s), 086/200 VUs, 1362 complete and 0 interrupted iterations
default   [  56% ] 086/200 VUs  1m07.0s/2m00.0s

running (1m08.0s), 088/200 VUs, 1403 complete and 0 interrupted iterations
default   [  57% ] 088/200 VUs  1m08.0s/2m00.0s

running (1m09.0s), 089/200 VUs, 1431 complete and 0 interrupted iterations
default   [  57% ] 089/200 VUs  1m09.0s/2m00.0s

running (1m10.0s), 091/200 VUs, 1456 complete and 0 interrupted iterations
default   [  58% ] 091/200 VUs  1m10.0s/2m00.0s

running (1m11.0s), 093/200 VUs, 1499 complete and 0 interrupted iterations
default   [  59% ] 093/200 VUs  1m11.0s/2m00.0s

running (1m12.0s), 094/200 VUs, 1536 complete and 0 interrupted iterations
default   [  60% ] 094/200 VUs  1m12.0s/2m00.0s

running (1m13.0s), 096/200 VUs, 1554 complete and 0 interrupted iterations
default   [  61% ] 096/200 VUs  1m13.0s/2m00.0s

running (1m14.0s), 098/200 VUs, 1599 complete and 0 interrupted iterations
default   [  62% ] 098/200 VUs  1m14.0s/2m00.0s

running (1m15.0s), 099/200 VUs, 1636 complete and 0 interrupted iterations
default   [  62% ] 099/200 VUs  1m15.0s/2m00.0s

running (1m16.0s), 103/200 VUs, 1655 complete and 0 interrupted iterations
default   [  63% ] 103/200 VUs  1m16.0s/2m00.0s

running (1m17.0s), 106/200 VUs, 1690 complete and 0 interrupted iterations
default   [  64% ] 106/200 VUs  1m17.0s/2m00.0s

running (1m18.0s), 109/200 VUs, 1722 complete and 0 interrupted iterations
default   [  65% ] 109/200 VUs  1m18.0s/2m00.0s

running (1m19.0s), 113/200 VUs, 1747 complete and 0 interrupted iterations
default   [  66% ] 113/200 VUs  1m19.0s/2m00.0s

running (1m20.0s), 116/200 VUs, 1767 complete and 0 interrupted iterations
default   [  67% ] 116/200 VUs  1m20.0s/2m00.0s

running (1m21.0s), 119/200 VUs, 1812 complete and 0 interrupted iterations
default   [  67% ] 119/200 VUs  1m21.0s/2m00.0s

running (1m22.0s), 123/200 VUs, 1840 complete and 0 interrupted iterations
default   [  68% ] 123/200 VUs  1m22.0s/2m00.0s

running (1m23.0s), 126/200 VUs, 1868 complete and 0 interrupted iterations
default   [  69% ] 126/200 VUs  1m23.0s/2m00.0s

running (1m24.0s), 129/200 VUs, 1894 complete and 0 interrupted iterations
default   [  70% ] 129/200 VUs  1m24.0s/2m00.0s

running (1m25.0s), 133/200 VUs, 1940 complete and 0 interrupted iterations
default   [  71% ] 133/200 VUs  1m25.0s/2m00.0s

running (1m26.0s), 136/200 VUs, 1966 complete and 0 interrupted iterations
default   [  72% ] 136/200 VUs  1m26.0s/2m00.0s

running (1m27.0s), 139/200 VUs, 1996 complete and 0 interrupted iterations
default   [  72% ] 139/200 VUs  1m27.0s/2m00.0s

running (1m28.0s), 143/200 VUs, 2020 complete and 0 interrupted iterations
default   [  73% ] 143/200 VUs  1m28.0s/2m00.0s

running (1m29.0s), 146/200 VUs, 2073 complete and 0 interrupted iterations
default   [  74% ] 146/200 VUs  1m29.0s/2m00.0s

running (1m30.0s), 149/200 VUs, 2083 complete and 0 interrupted iterations
default   [  75% ] 149/200 VUs  1m30.0s/2m00.0s

running (1m31.0s), 153/200 VUs, 2108 complete and 0 interrupted iterations
default   [  76% ] 153/200 VUs  1m31.0s/2m00.0s

running (1m32.1s), 156/200 VUs, 2125 complete and 0 interrupted iterations
default   [  77% ] 156/200 VUs  1m32.1s/2m00.0s

running (1m33.0s), 159/200 VUs, 2152 complete and 0 interrupted iterations
default   [  77% ] 159/200 VUs  1m33.0s/2m00.0s

running (1m34.0s), 162/200 VUs, 2192 complete and 0 interrupted iterations
default   [  78% ] 162/200 VUs  1m34.0s/2m00.0s

running (1m35.0s), 166/200 VUs, 2216 complete and 0 interrupted iterations
default   [  79% ] 166/200 VUs  1m35.0s/2m00.0s

running (1m36.0s), 169/200 VUs, 2242 complete and 0 interrupted iterations
default   [  80% ] 169/200 VUs  1m36.0s/2m00.0s

running (1m37.0s), 173/200 VUs, 2263 complete and 0 interrupted iterations
default   [  81% ] 173/200 VUs  1m37.0s/2m00.0s

running (1m38.0s), 176/200 VUs, 2286 complete and 0 interrupted iterations
default   [  82% ] 176/200 VUs  1m38.0s/2m00.0s

running (1m39.0s), 179/200 VUs, 2320 complete and 0 interrupted iterations
default   [  82% ] 179/200 VUs  1m39.0s/2m00.0s

running (1m40.0s), 183/200 VUs, 2347 complete and 0 interrupted iterations
default   [  83% ] 183/200 VUs  1m40.0s/2m00.0s

running (1m41.0s), 186/200 VUs, 2380 complete and 0 interrupted iterations
default   [  84% ] 186/200 VUs  1m41.0s/2m00.0s

running (1m42.0s), 189/200 VUs, 2395 complete and 0 interrupted iterations
default   [  85% ] 189/200 VUs  1m42.0s/2m00.0s

running (1m43.0s), 193/200 VUs, 2425 complete and 0 interrupted iterations
default   [  86% ] 193/200 VUs  1m43.0s/2m00.0s

running (1m44.0s), 196/200 VUs, 2439 complete and 0 interrupted iterations
default   [  87% ] 196/200 VUs  1m44.0s/2m00.0s

running (1m45.0s), 199/200 VUs, 2480 complete and 0 interrupted iterations
default   [  87% ] 199/200 VUs  1m45.0s/2m00.0s

running (1m46.0s), 200/200 VUs, 2514 complete and 0 interrupted iterations
default   [  88% ] 200/200 VUs  1m46.0s/2m00.0s

running (1m47.0s), 196/200 VUs, 2548 complete and 0 interrupted iterations
default   [  89% ] 196/200 VUs  1m47.0s/2m00.0s

running (1m48.0s), 191/200 VUs, 2571 complete and 0 interrupted iterations
default   [  90% ] 191/200 VUs  1m48.0s/2m00.0s

running (1m49.1s), 181/200 VUs, 2605 complete and 0 interrupted iterations
default   [  91% ] 181/200 VUs  1m49.1s/2m00.0s

running (1m50.0s), 178/200 VUs, 2619 complete and 0 interrupted iterations
default   [  92% ] 178/200 VUs  1m50.0s/2m00.0s

running (1m51.0s), 160/200 VUs, 2659 complete and 0 interrupted iterations
default   [  92% ] 160/200 VUs  1m51.0s/2m00.0s

running (1m52.0s), 149/200 VUs, 2693 complete and 0 interrupted iterations
default   [  93% ] 149/200 VUs  1m52.0s/2m00.0s

running (1m53.0s), 130/200 VUs, 2736 complete and 0 interrupted iterations
default   [  94% ] 130/200 VUs  1m53.0s/2m00.0s

running (1m54.0s), 117/200 VUs, 2765 complete and 0 interrupted iterations
default   [  95% ] 117/200 VUs  1m54.0s/2m00.0s

running (1m55.0s), 093/200 VUs, 2808 complete and 0 interrupted iterations
default   [  96% ] 093/200 VUs  1m55.0s/2m00.0s

running (1m56.0s), 063/200 VUs, 2872 complete and 0 interrupted iterations
default   [  97% ] 063/200 VUs  1m56.0s/2m00.0s

running (1m57.0s), 056/200 VUs, 2893 complete and 0 interrupted iterations
default   [  97% ] 056/200 VUs  1m57.0s/2m00.0s

running (1m58.0s), 037/200 VUs, 2934 complete and 0 interrupted iterations
default   [  98% ] 037/200 VUs  1m58.0s/2m00.0s

running (1m59.0s), 022/200 VUs, 2963 complete and 0 interrupted iterations
default   [  99% ] 022/200 VUs  1m59.0s/2m00.0s

running (2m00.0s), 009/200 VUs, 2982 complete and 0 interrupted iterations
default   [ 100% ] 009/200 VUs  2m00.0s/2m00.0s
[32m      О“ВЈГґ create order: status 201[0m
[32m      О“ВЈГґ get order by id: status 200[0m
[32m      О“ВЈГґ orders by customer: status 200[0m
[32m      О“ВЈГґ orders by customer: has results[0m
[32m      О“ВЈГґ update to Shipped: status 200 or 204[0m
[32m      О“ВЈГґ update to Delivered: status 200 or 204[0m

      checks[2m.........................:[0m [36m100.00%[0m [36;2mО“ВЈГґ 17946[0m      [36;2mО“ВЈГ№ 0[0m    
      data_received[2m..................:[0m [36m10 MB[0m   [36;2m85 kB/s[0m
      data_sent[2m......................:[0m [36m2.3 MB[0m  [36;2m19 kB/s[0m
      http_req_blocked[2m...............:[0m avg=[36m22.73в”¬в•Ўs[0m  min=[36m0s[0m    med=[36m0s[0m       max=[36m39.74ms[0m  p(90)=[36m0s[0m       p(95)=[36m0s[0m      
      http_req_connecting[2m............:[0m avg=[36m12.31в”¬в•Ўs[0m  min=[36m0s[0m    med=[36m0s[0m       max=[36m30.64ms[0m  p(90)=[36m0s[0m       p(95)=[36m0s[0m      
    [32mО“ВЈГґ[0m http_req_duration[2m..............:[0m avg=[36m414.02ms[0m min=[36m0s[0m    med=[36m233.1ms[0m  max=[36m2.82s[0m    p(90)=[36m1.16s[0m    p(95)=[36m1.48s[0m   
        { expected_response:true }[2m...:[0m avg=[36m414.02ms[0m min=[36m0s[0m    med=[36m233.1ms[0m  max=[36m2.82s[0m    p(90)=[36m1.16s[0m    p(95)=[36m1.48s[0m   
    [32mО“ВЈГґ[0m http_req_failed[2m................:[0m [36m0.00%[0m   [36;2mО“ВЈГґ 0[0m          [36;2mО“ВЈГ№ 14956[0m
      http_req_receiving[2m.............:[0m avg=[36m164.84в”¬в•Ўs[0m min=[36m0s[0m    med=[36m0s[0m       max=[36m105.42ms[0m p(90)=[36m659.59в”¬в•Ўs[0m p(95)=[36m935.27в”¬в•Ўs[0m
      http_req_sending[2m...............:[0m avg=[36m45.45в”¬в•Ўs[0m  min=[36m0s[0m    med=[36m0s[0m       max=[36m91.51ms[0m  p(90)=[36m0s[0m       p(95)=[36m0s[0m      
      http_req_tls_handshaking[2m.......:[0m avg=[36m0s[0m       min=[36m0s[0m    med=[36m0s[0m       max=[36m0s[0m       p(90)=[36m0s[0m       p(95)=[36m0s[0m      
      http_req_waiting[2m...............:[0m avg=[36m413.81ms[0m min=[36m0s[0m    med=[36m232.96ms[0m max=[36m2.82s[0m    p(90)=[36m1.16s[0m    p(95)=[36m1.48s[0m   
      http_reqs[2m......................:[0m [36m14956[0m   [36;2m124.010715/s[0m
      iteration_duration[2m.............:[0m avg=[36m3.19s[0m    min=[36m1.22s[0m med=[36m2.51s[0m    max=[36m7.92s[0m    p(90)=[36m6.28s[0m    p(95)=[36m6.75s[0m   
      iterations[2m.....................:[0m [36m2991[0m    [36;2m24.800485/s[0m
      vus[2m............................:[0m [36m9[0m       [36;2mmin=1[0m        [36;2mmax=200[0m
      vus_max[2m........................:[0m [36m200[0m     [36;2mmin=200[0m      [36;2mmax=200[0m
running (2m00.6s), 000/200 VUs, 2991 complete and 0 interrupted iterations
default О“ВЈГґ [ 100% ] 000/200 VUs  2m0s

