
         /\      Grafana   /О“Г‡в•›О“Г‡в•›/  
    /\  /  \     |\  __   /  /   
   /  \/    \    | |/ /  /   О“Г‡в•›О“Г‡в•›\ 
  /          \   |   (  |  (О“Г‡в•›)  |
 / __________ \  |_|\_\  \_____/ 


     execution: local
        script: C:\Projects\Hone\sample-api\scale-tests\scenarios\stress-ui.js
        output: -

     scenarios: (100.00%) 1 scenario, 200 max VUs, 2m30s max duration (incl. graceful stop):
              * default: Up to 200 looping VUs for 2m0s over 5 stages (gracefulRampDown: 30s, gracefulStop: 30s)


running (0m01.0s), 001/200 VUs, 0 complete and 0 interrupted iterations
default   [   1% ] 001/200 VUs  0m01.0s/2m00.0s

running (0m02.0s), 002/200 VUs, 0 complete and 0 interrupted iterations
default   [   2% ] 002/200 VUs  0m02.0s/2m00.0s

running (0m03.0s), 002/200 VUs, 1 complete and 0 interrupted iterations
default   [   2% ] 002/200 VUs  0m03.0s/2m00.0s

running (0m04.0s), 003/200 VUs, 2 complete and 0 interrupted iterations
default   [   3% ] 003/200 VUs  0m04.0s/2m00.0s

running (0m05.0s), 003/200 VUs, 3 complete and 0 interrupted iterations
default   [   4% ] 003/200 VUs  0m05.0s/2m00.0s

running (0m06.0s), 004/200 VUs, 4 complete and 0 interrupted iterations
default   [   5% ] 004/200 VUs  0m06.0s/2m00.0s

running (0m07.0s), 005/200 VUs, 6 complete and 0 interrupted iterations
default   [   6% ] 005/200 VUs  0m07.0s/2m00.0s

running (0m08.0s), 005/200 VUs, 8 complete and 0 interrupted iterations
default   [   7% ] 005/200 VUs  0m08.0s/2m00.0s

running (0m09.0s), 006/200 VUs, 10 complete and 0 interrupted iterations
default   [   7% ] 006/200 VUs  0m09.0s/2m00.0s

running (0m10.0s), 006/200 VUs, 12 complete and 0 interrupted iterations
default   [   8% ] 006/200 VUs  0m10.0s/2m00.0s

running (0m11.0s), 007/200 VUs, 15 complete and 0 interrupted iterations
default   [   9% ] 007/200 VUs  0m11.0s/2m00.0s

running (0m12.0s), 008/200 VUs, 18 complete and 0 interrupted iterations
default   [  10% ] 008/200 VUs  0m12.0s/2m00.0s

running (0m13.0s), 008/200 VUs, 21 complete and 0 interrupted iterations
default   [  11% ] 008/200 VUs  0m13.0s/2m00.0s

running (0m14.0s), 009/200 VUs, 25 complete and 0 interrupted iterations
default   [  12% ] 009/200 VUs  0m14.0s/2m00.0s

running (0m15.0s), 009/200 VUs, 28 complete and 0 interrupted iterations
default   [  12% ] 009/200 VUs  0m15.0s/2m00.0s

running (0m16.0s), 011/200 VUs, 33 complete and 0 interrupted iterations
default   [  13% ] 011/200 VUs  0m16.0s/2m00.0s

running (0m17.0s), 012/200 VUs, 36 complete and 0 interrupted iterations
default   [  14% ] 012/200 VUs  0m17.0s/2m00.0s

running (0m18.0s), 013/200 VUs, 41 complete and 0 interrupted iterations
default   [  15% ] 013/200 VUs  0m18.0s/2m00.0s

running (0m19.0s), 015/200 VUs, 47 complete and 0 interrupted iterations
default   [  16% ] 015/200 VUs  0m19.0s/2m00.0s

running (0m20.0s), 016/200 VUs, 52 complete and 0 interrupted iterations
default   [  17% ] 016/200 VUs  0m20.0s/2m00.0s

running (0m21.0s), 017/200 VUs, 59 complete and 0 interrupted iterations
default   [  17% ] 017/200 VUs  0m21.0s/2m00.0s

running (0m22.0s), 019/200 VUs, 67 complete and 0 interrupted iterations
default   [  18% ] 019/200 VUs  0m22.0s/2m00.0s

running (0m23.0s), 020/200 VUs, 74 complete and 0 interrupted iterations
default   [  19% ] 020/200 VUs  0m23.0s/2m00.0s

running (0m24.0s), 021/200 VUs, 81 complete and 0 interrupted iterations
default   [  20% ] 021/200 VUs  0m24.0s/2m00.0s

running (0m25.0s), 023/200 VUs, 89 complete and 0 interrupted iterations
default   [  21% ] 023/200 VUs  0m25.0s/2m00.0s

running (0m26.0s), 024/200 VUs, 98 complete and 0 interrupted iterations
default   [  22% ] 024/200 VUs  0m26.0s/2m00.0s

running (0m27.0s), 025/200 VUs, 108 complete and 0 interrupted iterations
default   [  22% ] 025/200 VUs  0m27.0s/2m00.0s

running (0m28.0s), 027/200 VUs, 118 complete and 0 interrupted iterations
default   [  23% ] 027/200 VUs  0m28.0s/2m00.0s

running (0m29.0s), 028/200 VUs, 131 complete and 0 interrupted iterations
default   [  24% ] 028/200 VUs  0m29.0s/2m00.0s

running (0m30.0s), 029/200 VUs, 138 complete and 0 interrupted iterations
default   [  25% ] 029/200 VUs  0m30.0s/2m00.0s

running (0m31.0s), 031/200 VUs, 150 complete and 0 interrupted iterations
default   [  26% ] 031/200 VUs  0m31.0s/2m00.0s

running (0m32.0s), 032/200 VUs, 163 complete and 0 interrupted iterations
default   [  27% ] 032/200 VUs  0m32.0s/2m00.0s

running (0m33.0s), 033/200 VUs, 175 complete and 0 interrupted iterations
default   [  27% ] 033/200 VUs  0m33.0s/2m00.0s

running (0m34.0s), 035/200 VUs, 185 complete and 0 interrupted iterations
default   [  28% ] 035/200 VUs  0m34.0s/2m00.0s

running (0m35.0s), 036/200 VUs, 201 complete and 0 interrupted iterations
default   [  29% ] 036/200 VUs  0m35.0s/2m00.0s

running (0m36.0s), 037/200 VUs, 209 complete and 0 interrupted iterations
default   [  30% ] 037/200 VUs  0m36.0s/2m00.0s

running (0m37.0s), 039/200 VUs, 227 complete and 0 interrupted iterations
default   [  31% ] 039/200 VUs  0m37.0s/2m00.0s

running (0m38.0s), 040/200 VUs, 240 complete and 0 interrupted iterations
default   [  32% ] 040/200 VUs  0m38.0s/2m00.0s

running (0m39.0s), 041/200 VUs, 257 complete and 0 interrupted iterations
default   [  32% ] 041/200 VUs  0m39.0s/2m00.0s

running (0m40.0s), 043/200 VUs, 270 complete and 0 interrupted iterations
default   [  33% ] 043/200 VUs  0m40.0s/2m00.0s

running (0m41.0s), 044/200 VUs, 284 complete and 0 interrupted iterations
default   [  34% ] 044/200 VUs  0m41.0s/2m00.0s

running (0m42.0s), 045/200 VUs, 299 complete and 0 interrupted iterations
default   [  35% ] 045/200 VUs  0m42.0s/2m00.0s

running (0m43.0s), 047/200 VUs, 313 complete and 0 interrupted iterations
default   [  36% ] 047/200 VUs  0m43.0s/2m00.0s

running (0m44.0s), 048/200 VUs, 332 complete and 0 interrupted iterations
default   [  37% ] 048/200 VUs  0m44.0s/2m00.0s

running (0m45.0s), 049/200 VUs, 351 complete and 0 interrupted iterations
default   [  37% ] 049/200 VUs  0m45.0s/2m00.0s

running (0m46.0s), 051/200 VUs, 364 complete and 0 interrupted iterations
default   [  38% ] 051/200 VUs  0m46.0s/2m00.0s

running (0m47.0s), 053/200 VUs, 380 complete and 0 interrupted iterations
default   [  39% ] 053/200 VUs  0m47.0s/2m00.0s

running (0m48.0s), 054/200 VUs, 394 complete and 0 interrupted iterations
default   [  40% ] 054/200 VUs  0m48.0s/2m00.0s

running (0m49.0s), 056/200 VUs, 415 complete and 0 interrupted iterations
default   [  41% ] 056/200 VUs  0m49.0s/2m00.0s

running (0m50.0s), 058/200 VUs, 431 complete and 0 interrupted iterations
default   [  42% ] 058/200 VUs  0m50.0s/2m00.0s

running (0m51.0s), 059/200 VUs, 443 complete and 0 interrupted iterations
default   [  42% ] 059/200 VUs  0m51.0s/2m00.0s

running (0m52.0s), 061/200 VUs, 465 complete and 0 interrupted iterations
default   [  43% ] 061/200 VUs  0m52.0s/2m00.0s

running (0m53.0s), 063/200 VUs, 477 complete and 0 interrupted iterations
default   [  44% ] 063/200 VUs  0m53.0s/2m00.0s

running (0m54.0s), 064/200 VUs, 493 complete and 0 interrupted iterations
default   [  45% ] 064/200 VUs  0m54.0s/2m00.0s

running (0m55.0s), 066/200 VUs, 501 complete and 0 interrupted iterations
default   [  46% ] 066/200 VUs  0m55.0s/2m00.0s

running (0m56.0s), 068/200 VUs, 533 complete and 0 interrupted iterations
default   [  47% ] 068/200 VUs  0m56.0s/2m00.0s

running (0m57.0s), 069/200 VUs, 542 complete and 0 interrupted iterations
default   [  47% ] 069/200 VUs  0m57.0s/2m00.0s

running (0m58.0s), 071/200 VUs, 557 complete and 0 interrupted iterations
default   [  48% ] 071/200 VUs  0m58.0s/2m00.0s

running (0m59.0s), 073/200 VUs, 564 complete and 0 interrupted iterations
default   [  49% ] 073/200 VUs  0m59.0s/2m00.0s

running (1m00.0s), 074/200 VUs, 585 complete and 0 interrupted iterations
default   [  50% ] 074/200 VUs  1m00.0s/2m00.0s

running (1m01.0s), 076/200 VUs, 610 complete and 0 interrupted iterations
default   [  51% ] 076/200 VUs  1m01.0s/2m00.0s

running (1m02.0s), 078/200 VUs, 627 complete and 0 interrupted iterations
default   [  52% ] 078/200 VUs  1m02.0s/2m00.0s

running (1m03.0s), 079/200 VUs, 636 complete and 0 interrupted iterations
default   [  52% ] 079/200 VUs  1m03.0s/2m00.0s

running (1m04.1s), 081/200 VUs, 648 complete and 0 interrupted iterations
default   [  53% ] 081/200 VUs  1m04.1s/2m00.0s

running (1m05.0s), 083/200 VUs, 668 complete and 0 interrupted iterations
default   [  54% ] 083/200 VUs  1m05.0s/2m00.0s

running (1m06.0s), 084/200 VUs, 687 complete and 0 interrupted iterations
default   [  55% ] 084/200 VUs  1m06.0s/2m00.0s

running (1m07.0s), 086/200 VUs, 689 complete and 0 interrupted iterations
default   [  56% ] 086/200 VUs  1m07.0s/2m00.0s

running (1m08.0s), 088/200 VUs, 718 complete and 0 interrupted iterations
default   [  57% ] 088/200 VUs  1m08.0s/2m00.0s

running (1m09.0s), 089/200 VUs, 723 complete and 0 interrupted iterations
default   [  57% ] 089/200 VUs  1m09.0s/2m00.0s

running (1m10.0s), 091/200 VUs, 733 complete and 0 interrupted iterations
default   [  58% ] 091/200 VUs  1m10.0s/2m00.0s

running (1m11.1s), 093/200 VUs, 770 complete and 0 interrupted iterations
default   [  59% ] 093/200 VUs  1m11.1s/2m00.0s

running (1m12.0s), 094/200 VUs, 775 complete and 0 interrupted iterations
default   [  60% ] 094/200 VUs  1m12.0s/2m00.0s

running (1m13.0s), 096/200 VUs, 780 complete and 0 interrupted iterations
default   [  61% ] 096/200 VUs  1m13.0s/2m00.0s

running (1m14.0s), 098/200 VUs, 809 complete and 0 interrupted iterations
default   [  62% ] 098/200 VUs  1m14.0s/2m00.0s

running (1m15.0s), 099/200 VUs, 822 complete and 0 interrupted iterations
default   [  62% ] 099/200 VUs  1m15.0s/2m00.0s

running (1m16.0s), 103/200 VUs, 827 complete and 0 interrupted iterations
default   [  63% ] 103/200 VUs  1m16.0s/2m00.0s

running (1m17.0s), 106/200 VUs, 844 complete and 0 interrupted iterations
default   [  64% ] 106/200 VUs  1m17.0s/2m00.0s

running (1m18.0s), 109/200 VUs, 870 complete and 0 interrupted iterations
default   [  65% ] 109/200 VUs  1m18.0s/2m00.0s

running (1m19.0s), 113/200 VUs, 872 complete and 0 interrupted iterations
default   [  66% ] 113/200 VUs  1m19.0s/2m00.0s

running (1m20.0s), 116/200 VUs, 878 complete and 0 interrupted iterations
default   [  67% ] 116/200 VUs  1m20.0s/2m00.0s

running (1m21.0s), 119/200 VUs, 911 complete and 0 interrupted iterations
default   [  67% ] 119/200 VUs  1m21.0s/2m00.0s

running (1m22.0s), 123/200 VUs, 927 complete and 0 interrupted iterations
default   [  68% ] 123/200 VUs  1m22.0s/2m00.0s

running (1m23.0s), 126/200 VUs, 940 complete and 0 interrupted iterations
default   [  69% ] 126/200 VUs  1m23.0s/2m00.0s

running (1m24.0s), 129/200 VUs, 943 complete and 0 interrupted iterations
default   [  70% ] 129/200 VUs  1m24.0s/2m00.0s

running (1m25.2s), 133/200 VUs, 981 complete and 0 interrupted iterations
default   [  71% ] 133/200 VUs  1m25.2s/2m00.0s

running (1m26.0s), 136/200 VUs, 986 complete and 0 interrupted iterations
default   [  72% ] 136/200 VUs  1m26.0s/2m00.0s

running (1m27.0s), 140/200 VUs, 986 complete and 0 interrupted iterations
default   [  73% ] 140/200 VUs  1m27.0s/2m00.0s

running (1m28.0s), 143/200 VUs, 991 complete and 0 interrupted iterations
default   [  73% ] 143/200 VUs  1m28.0s/2m00.0s

running (1m29.2s), 147/200 VUs, 1022 complete and 0 interrupted iterations
default   [  74% ] 147/200 VUs  1m29.2s/2m00.0s

running (1m30.0s), 149/200 VUs, 1050 complete and 0 interrupted iterations
default   [  75% ] 149/200 VUs  1m30.0s/2m00.0s

running (1m31.0s), 153/200 VUs, 1054 complete and 0 interrupted iterations
default   [  76% ] 153/200 VUs  1m31.0s/2m00.0s

running (1m32.0s), 156/200 VUs, 1066 complete and 0 interrupted iterations
default   [  77% ] 156/200 VUs  1m32.0s/2m00.0s

running (1m33.0s), 159/200 VUs, 1066 complete and 0 interrupted iterations
default   [  77% ] 159/200 VUs  1m33.0s/2m00.0s

running (1m34.0s), 163/200 VUs, 1109 complete and 0 interrupted iterations
default   [  78% ] 163/200 VUs  1m34.0s/2m00.0s

running (1m35.0s), 166/200 VUs, 1119 complete and 0 interrupted iterations
default   [  79% ] 166/200 VUs  1m35.0s/2m00.0s

running (1m36.0s), 170/200 VUs, 1126 complete and 0 interrupted iterations
default   [  80% ] 170/200 VUs  1m36.0s/2m00.0s

running (1m37.0s), 173/200 VUs, 1128 complete and 0 interrupted iterations
default   [  81% ] 173/200 VUs  1m37.0s/2m00.0s

running (1m38.1s), 177/200 VUs, 1147 complete and 0 interrupted iterations
default   [  82% ] 177/200 VUs  1m38.1s/2m00.0s

running (1m39.0s), 179/200 VUs, 1157 complete and 0 interrupted iterations
default   [  83% ] 179/200 VUs  1m39.0s/2m00.0s

running (1m40.0s), 183/200 VUs, 1189 complete and 0 interrupted iterations
default   [  83% ] 183/200 VUs  1m40.0s/2m00.0s

running (1m41.0s), 186/200 VUs, 1201 complete and 0 interrupted iterations
default   [  84% ] 186/200 VUs  1m41.0s/2m00.0s

running (1m42.0s), 190/200 VUs, 1220 complete and 0 interrupted iterations
default   [  85% ] 190/200 VUs  1m42.0s/2m00.0s

running (1m43.0s), 193/200 VUs, 1223 complete and 0 interrupted iterations
default   [  86% ] 193/200 VUs  1m43.0s/2m00.0s

running (1m44.0s), 196/200 VUs, 1227 complete and 0 interrupted iterations
default   [  87% ] 196/200 VUs  1m44.0s/2m00.0s

running (1m45.0s), 200/200 VUs, 1253 complete and 0 interrupted iterations
default   [  88% ] 200/200 VUs  1m45.0s/2m00.0s

running (1m46.0s), 200/200 VUs, 1264 complete and 0 interrupted iterations
default   [  88% ] 200/200 VUs  1m46.0s/2m00.0s

running (1m47.0s), 200/200 VUs, 1276 complete and 0 interrupted iterations
default   [  89% ] 200/200 VUs  1m47.0s/2m00.0s

running (1m48.0s), 199/200 VUs, 1303 complete and 0 interrupted iterations
default   [  90% ] 199/200 VUs  1m48.0s/2m00.0s

running (1m49.0s), 198/200 VUs, 1305 complete and 0 interrupted iterations
default   [  91% ] 198/200 VUs  1m49.0s/2m00.0s

running (1m50.1s), 188/200 VUs, 1344 complete and 0 interrupted iterations
default   [  92% ] 188/200 VUs  1m50.1s/2m00.0s

running (1m51.0s), 188/200 VUs, 1345 complete and 0 interrupted iterations
default   [  92% ] 188/200 VUs  1m51.0s/2m00.0s

running (1m52.0s), 187/200 VUs, 1347 complete and 0 interrupted iterations
default   [  93% ] 187/200 VUs  1m52.0s/2m00.0s

running (1m53.0s), 164/200 VUs, 1390 complete and 0 interrupted iterations
default   [  94% ] 164/200 VUs  1m53.0s/2m00.0s

running (1m54.0s), 158/200 VUs, 1408 complete and 0 interrupted iterations
default   [  95% ] 158/200 VUs  1m54.0s/2m00.0s

running (1m55.0s), 149/200 VUs, 1421 complete and 0 interrupted iterations
default   [  96% ] 149/200 VUs  1m55.0s/2m00.0s

running (1m56.0s), 147/200 VUs, 1423 complete and 0 interrupted iterations
default   [  97% ] 147/200 VUs  1m56.0s/2m00.0s

running (1m57.0s), 116/200 VUs, 1456 complete and 0 interrupted iterations
default   [  97% ] 116/200 VUs  1m57.0s/2m00.0s

running (1m58.0s), 099/200 VUs, 1476 complete and 0 interrupted iterations
default   [  98% ] 099/200 VUs  1m58.0s/2m00.0s

running (1m59.0s), 075/200 VUs, 1512 complete and 0 interrupted iterations
default   [  99% ] 075/200 VUs  1m59.0s/2m00.0s

running (2m00.0s), 055/200 VUs, 1532 complete and 0 interrupted iterations
default О“ГҐГґ [ 100% ] 055/200 VUs  2m0s

running (2m01.0s), 037/200 VUs, 1550 complete and 0 interrupted iterations
default О“ГҐГґ [ 100% ] 055/200 VUs  2m0s

running (2m02.0s), 017/200 VUs, 1570 complete and 0 interrupted iterations
default О“ГҐГґ [ 100% ] 055/200 VUs  2m0s
[32m      О“ВЈГґ home: status 200[0m
[32m      О“ВЈГґ products: status 200[0m
[32m      О“ВЈГґ search: status 200[0m
[32m      О“ВЈГґ category filter: status 200[0m
[32m      О“ВЈГґ detail: status 200[0m
[32m      О“ВЈГґ add to cart: status 200[0m
[32m      О“ВЈГґ add second item: status 200[0m
[32m      О“ВЈГґ cart page: status 200[0m
[32m      О“ВЈГґ checkout page: status 200[0m
[32m      О“ВЈГґ checkout submit: status 200[0m
[32m      О“ВЈГґ orders page: status 200[0m

      checks[2m.........................:[0m [36m100.00%[0m [36;2mО“ВЈГґ 17457[0m      [36;2mО“ВЈГ№ 0[0m    
      data_received[2m..................:[0m [36m317 MB[0m  [36;2m2.6 MB/s[0m
      data_sent[2m......................:[0m [36m5.7 MB[0m  [36;2m46 kB/s[0m
      http_req_blocked[2m...............:[0m avg=[36m25.37в”¬в•Ўs[0m  min=[36m0s[0m     med=[36m0s[0m       max=[36m112.51ms[0m p(90)=[36m0s[0m      p(95)=[36m0s[0m      
      http_req_connecting[2m............:[0m avg=[36m13.8в”¬в•Ўs[0m   min=[36m0s[0m     med=[36m0s[0m       max=[36m95.05ms[0m  p(90)=[36m0s[0m      p(95)=[36m0s[0m      
    [32mО“ВЈГґ[0m http_req_duration[2m..............:[0m avg=[36m360.06ms[0m min=[36m1.51ms[0m med=[36m109.89ms[0m max=[36m3.91s[0m    p(90)=[36m1.1s[0m    p(95)=[36m1.55s[0m   
        { expected_response:true }[2m...:[0m avg=[36m360.06ms[0m min=[36m1.51ms[0m med=[36m109.89ms[0m max=[36m3.91s[0m    p(90)=[36m1.1s[0m    p(95)=[36m1.55s[0m   
    [32mО“ВЈГґ[0m http_req_failed[2m................:[0m [36m0.00%[0m   [36;2mО“ВЈГґ 0[0m          [36;2mО“ВЈГ№ 19044[0m
      http_req_receiving[2m.............:[0m avg=[36m283.84в”¬в•Ўs[0m min=[36m0s[0m     med=[36m0s[0m       max=[36m360.98ms[0m p(90)=[36m753.1в”¬в•Ўs[0m p(95)=[36m985.98в”¬в•Ўs[0m
      http_req_sending[2m...............:[0m avg=[36m47.24в”¬в•Ўs[0m  min=[36m0s[0m     med=[36m0s[0m       max=[36m113.93ms[0m p(90)=[36m0s[0m      p(95)=[36m0s[0m      
      http_req_tls_handshaking[2m.......:[0m avg=[36m0s[0m       min=[36m0s[0m     med=[36m0s[0m       max=[36m0s[0m       p(90)=[36m0s[0m      p(95)=[36m0s[0m      
      http_req_waiting[2m...............:[0m avg=[36m359.72ms[0m min=[36m1.03ms[0m med=[36m109.68ms[0m max=[36m3.9s[0m     p(90)=[36m1.1s[0m    p(95)=[36m1.55s[0m   
      http_reqs[2m......................:[0m [36m19044[0m   [36;2m155.005539/s[0m
      iteration_duration[2m.............:[0m avg=[36m6.4s[0m     min=[36m2.25s[0m  med=[36m5.59s[0m    max=[36m14.12s[0m   p(90)=[36m11.55s[0m  p(95)=[36m12.12s[0m  
      iterations[2m.....................:[0m [36m1587[0m    [36;2m12.917128/s[0m
      vus[2m............................:[0m [36m17[0m      [36;2mmin=1[0m        [36;2mmax=200[0m
      vus_max[2m........................:[0m [36m200[0m     [36;2mmin=200[0m      [36;2mmax=200[0m
running (2m02.9s), 000/200 VUs, 1587 complete and 0 interrupted iterations
default О“ВЈГґ [ 100% ] 000/200 VUs  2m0s

