
         /\      Grafana   /О“Г‡в•›О“Г‡в•›/  
    /\  /  \     |\  __   /  /   
   /  \/    \    | |/ /  /   О“Г‡в•›О“Г‡в•›\ 
  /          \   |   (  |  (О“Г‡в•›)  |
 / __________ \  |_|\_\  \_____/ 


     execution: local
        script: C:\Projects\Hone\sample-api\scale-tests\scenarios\spike.js
        output: -

     scenarios: (100.00%) 1 scenario, 100 max VUs, 1m17s max duration (incl. graceful stop):
              * default: Up to 100 looping VUs for 47s over 5 stages (gracefulRampDown: 30s, gracefulStop: 30s)


running (0m01.0s), 001/100 VUs, 3 complete and 0 interrupted iterations
default   [   2% ] 001/100 VUs  01.0s/47.0s

running (0m02.0s), 001/100 VUs, 7 complete and 0 interrupted iterations
default   [   4% ] 001/100 VUs  02.0s/47.0s

running (0m03.0s), 001/100 VUs, 11 complete and 0 interrupted iterations
default   [   6% ] 001/100 VUs  03.0s/47.0s

running (0m04.0s), 001/100 VUs, 15 complete and 0 interrupted iterations
default   [   8% ] 001/100 VUs  04.0s/47.0s

running (0m05.0s), 001/100 VUs, 19 complete and 0 interrupted iterations
default   [  11% ] 001/100 VUs  05.0s/47.0s

running (0m06.0s), 099/100 VUs, 62 complete and 0 interrupted iterations
default   [  13% ] 099/100 VUs  06.0s/47.0s

running (0m07.0s), 100/100 VUs, 163 complete and 0 interrupted iterations
default   [  15% ] 100/100 VUs  07.0s/47.0s

running (0m08.0s), 100/100 VUs, 267 complete and 0 interrupted iterations
default   [  17% ] 100/100 VUs  08.0s/47.0s

running (0m09.0s), 100/100 VUs, 373 complete and 0 interrupted iterations
default   [  19% ] 100/100 VUs  09.0s/47.0s

running (0m10.0s), 100/100 VUs, 486 complete and 0 interrupted iterations
default   [  21% ] 100/100 VUs  10.0s/47.0s

running (0m11.0s), 100/100 VUs, 596 complete and 0 interrupted iterations
default   [  23% ] 100/100 VUs  11.0s/47.0s

running (0m12.0s), 100/100 VUs, 698 complete and 0 interrupted iterations
default   [  26% ] 100/100 VUs  12.0s/47.0s

running (0m13.0s), 100/100 VUs, 802 complete and 0 interrupted iterations
default   [  28% ] 100/100 VUs  13.0s/47.0s

running (0m14.0s), 100/100 VUs, 914 complete and 0 interrupted iterations
default   [  30% ] 100/100 VUs  14.0s/47.0s

running (0m15.0s), 100/100 VUs, 1018 complete and 0 interrupted iterations
default   [  32% ] 100/100 VUs  15.0s/47.0s

running (0m16.0s), 100/100 VUs, 1132 complete and 0 interrupted iterations
default   [  34% ] 100/100 VUs  16.0s/47.0s

running (0m17.0s), 100/100 VUs, 1255 complete and 0 interrupted iterations
default   [  36% ] 100/100 VUs  17.0s/47.0s

running (0m18.0s), 100/100 VUs, 1360 complete and 0 interrupted iterations
default   [  38% ] 100/100 VUs  18.0s/47.0s

running (0m19.0s), 100/100 VUs, 1441 complete and 0 interrupted iterations
default   [  40% ] 100/100 VUs  19.0s/47.0s

running (0m20.0s), 100/100 VUs, 1546 complete and 0 interrupted iterations
default   [  43% ] 100/100 VUs  20.0s/47.0s

running (0m21.0s), 100/100 VUs, 1661 complete and 0 interrupted iterations
default   [  45% ] 100/100 VUs  21.0s/47.0s

running (0m22.0s), 100/100 VUs, 1784 complete and 0 interrupted iterations
default   [  47% ] 100/100 VUs  22.0s/47.0s

running (0m23.0s), 100/100 VUs, 1884 complete and 0 interrupted iterations
default   [  49% ] 100/100 VUs  23.0s/47.0s

running (0m24.0s), 100/100 VUs, 1982 complete and 0 interrupted iterations
default   [  51% ] 100/100 VUs  24.0s/47.0s

running (0m25.0s), 100/100 VUs, 2085 complete and 0 interrupted iterations
default   [  53% ] 100/100 VUs  25.0s/47.0s

running (0m26.0s), 100/100 VUs, 2220 complete and 0 interrupted iterations
default   [  55% ] 100/100 VUs  26.0s/47.0s

running (0m27.0s), 100/100 VUs, 2329 complete and 0 interrupted iterations
default   [  57% ] 100/100 VUs  27.0s/47.0s

running (0m28.0s), 100/100 VUs, 2423 complete and 0 interrupted iterations
default   [  60% ] 100/100 VUs  28.0s/47.0s

running (0m29.0s), 100/100 VUs, 2521 complete and 0 interrupted iterations
default   [  62% ] 100/100 VUs  29.0s/47.0s

running (0m30.0s), 100/100 VUs, 2623 complete and 0 interrupted iterations
default   [  64% ] 100/100 VUs  30.0s/47.0s

running (0m31.0s), 100/100 VUs, 2732 complete and 0 interrupted iterations
default   [  66% ] 100/100 VUs  31.0s/47.0s

running (0m32.0s), 100/100 VUs, 2835 complete and 0 interrupted iterations
default   [  68% ] 100/100 VUs  32.0s/47.0s

running (0m33.0s), 100/100 VUs, 2937 complete and 0 interrupted iterations
default   [  70% ] 100/100 VUs  33.0s/47.0s

running (0m34.0s), 100/100 VUs, 3034 complete and 0 interrupted iterations
default   [  72% ] 100/100 VUs  34.0s/47.0s

running (0m35.0s), 100/100 VUs, 3143 complete and 0 interrupted iterations
default   [  74% ] 100/100 VUs  35.0s/47.0s

running (0m36.0s), 100/100 VUs, 3267 complete and 0 interrupted iterations
default   [  77% ] 100/100 VUs  36.0s/47.0s

running (0m37.0s), 020/100 VUs, 3381 complete and 0 interrupted iterations
default   [  79% ] 020/100 VUs  37.0s/47.0s

running (0m38.0s), 001/100 VUs, 3404 complete and 0 interrupted iterations
default   [  81% ] 001/100 VUs  38.0s/47.0s

running (0m39.0s), 001/100 VUs, 3408 complete and 0 interrupted iterations
default   [  83% ] 001/100 VUs  39.0s/47.0s

running (0m40.0s), 001/100 VUs, 3412 complete and 0 interrupted iterations
default   [  85% ] 001/100 VUs  40.0s/47.0s

running (0m41.0s), 001/100 VUs, 3416 complete and 0 interrupted iterations
default   [  87% ] 001/100 VUs  41.0s/47.0s

running (0m42.0s), 001/100 VUs, 3420 complete and 0 interrupted iterations
default   [  89% ] 001/100 VUs  42.0s/47.0s

running (0m43.0s), 001/100 VUs, 3424 complete and 0 interrupted iterations
default   [  91% ] 001/100 VUs  43.0s/47.0s

running (0m44.0s), 001/100 VUs, 3428 complete and 0 interrupted iterations
default   [  94% ] 001/100 VUs  44.0s/47.0s

running (0m45.0s), 001/100 VUs, 3431 complete and 0 interrupted iterations
default   [  96% ] 001/100 VUs  45.0s/47.0s

running (0m46.0s), 001/100 VUs, 3435 complete and 0 interrupted iterations
default   [  98% ] 001/100 VUs  46.0s/47.0s

running (0m47.0s), 001/100 VUs, 3439 complete and 0 interrupted iterations
default   [ 100% ] 001/100 VUs  47.0s/47.0s
[32m      О“ВЈГґ list: status 200[0m
[32m      О“ВЈГґ search: status 200[0m
[32m      О“ВЈГґ reviews: status 200[0m
[32m      О“ВЈГґ home page: status 200[0m
[32m      О“ВЈГґ detail page: status 200[0m

      checks[2m.........................:[0m [36m100.00%[0m [36;2mО“ВЈГґ 17200[0m      [36;2mО“ВЈГ№ 0[0m    
      data_received[2m..................:[0m [36m2.0 GB[0m  [36;2m44 MB/s[0m
      data_sent[2m......................:[0m [36m1.5 MB[0m  [36;2m32 kB/s[0m
      http_req_blocked[2m...............:[0m avg=[36m8.02в”¬в•Ўs[0m   min=[36m0s[0m       med=[36m0s[0m       max=[36m12.75ms[0m  p(90)=[36m0s[0m       p(95)=[36m0s[0m     
      http_req_connecting[2m............:[0m avg=[36m3.25в”¬в•Ўs[0m   min=[36m0s[0m       med=[36m0s[0m       max=[36m12.75ms[0m  p(90)=[36m0s[0m       p(95)=[36m0s[0m     
    [32mО“ВЈГґ[0m http_req_duration[2m..............:[0m avg=[36m142.32ms[0m min=[36m6.51ms[0m   med=[36m121.56ms[0m max=[36m555.46ms[0m p(90)=[36m262.16ms[0m p(95)=[36m304.2ms[0m
        { expected_response:true }[2m...:[0m avg=[36m142.32ms[0m min=[36m6.51ms[0m   med=[36m121.56ms[0m max=[36m555.46ms[0m p(90)=[36m262.16ms[0m p(95)=[36m304.2ms[0m
    [32mО“ВЈГґ[0m http_req_failed[2m................:[0m [36m0.00%[0m   [36;2mО“ВЈГґ 0[0m          [36;2mО“ВЈГ№ 17200[0m
      http_req_receiving[2m.............:[0m avg=[36m11.39ms[0m  min=[36m0s[0m       med=[36m0s[0m       max=[36m270.25ms[0m p(90)=[36m37.48ms[0m  p(95)=[36m51.14ms[0m
      http_req_sending[2m...............:[0m avg=[36m20.89в”¬в•Ўs[0m  min=[36m0s[0m       med=[36m0s[0m       max=[36m16.15ms[0m  p(90)=[36m0s[0m       p(95)=[36m0s[0m     
      http_req_tls_handshaking[2m.......:[0m avg=[36m0s[0m       min=[36m0s[0m       med=[36m0s[0m       max=[36m0s[0m       p(90)=[36m0s[0m       p(95)=[36m0s[0m     
      http_req_waiting[2m...............:[0m avg=[36m130.91ms[0m min=[36m5.38ms[0m   med=[36m108.75ms[0m max=[36m555.46ms[0m p(90)=[36m254.57ms[0m p(95)=[36m297.9ms[0m
      http_reqs[2m......................:[0m [36m17200[0m   [36;2m365.742928/s[0m
      iteration_duration[2m.............:[0m avg=[36m915.23ms[0m min=[36m250.48ms[0m med=[36m947.38ms[0m max=[36m1.36s[0m    p(90)=[36m1.11s[0m    p(95)=[36m1.16s[0m  
      iterations[2m.....................:[0m [36m3440[0m    [36;2m73.148586/s[0m
      vus[2m............................:[0m [36m1[0m       [36;2mmin=1[0m        [36;2mmax=100[0m
      vus_max[2m........................:[0m [36m100[0m     [36;2mmin=100[0m      [36;2mmax=100[0m
running (0m47.0s), 000/100 VUs, 3440 complete and 0 interrupted iterations
default О“ВЈГґ [ 100% ] 000/100 VUs  47s

