
         /\      Grafana   /О“Г‡в•›О“Г‡в•›/  
    /\  /  \     |\  __   /  /   
   /  \/    \    | |/ /  /   О“Г‡в•›О“Г‡в•›\ 
  /          \   |   (  |  (О“Г‡в•›)  |
 / __________ \  |_|\_\  \_____/ 


     execution: local
        script: C:\Projects\Hone\sample-api\scale-tests\scenarios\baseline.js
        output: -

     scenarios: (100.00%) 1 scenario, 500 max VUs, 2m30s max duration (incl. graceful stop):
              * default: Up to 500 looping VUs for 2m0s over 5 stages (gracefulRampDown: 30s, gracefulStop: 30s)


running (0m01.0s), 001/500 VUs, 5 complete and 0 interrupted iterations
default   [   1% ] 001/500 VUs  0m01.0s/2m00.0s

running (0m02.0s), 002/500 VUs, 12 complete and 0 interrupted iterations
default   [   2% ] 002/500 VUs  0m02.0s/2m00.0s

running (0m03.0s), 002/500 VUs, 24 complete and 0 interrupted iterations
default   [   2% ] 002/500 VUs  0m03.0s/2m00.0s

running (0m04.0s), 003/500 VUs, 37 complete and 0 interrupted iterations
default   [   3% ] 003/500 VUs  0m04.0s/2m00.0s

running (0m05.0s), 003/500 VUs, 53 complete and 0 interrupted iterations
default   [   4% ] 003/500 VUs  0m05.0s/2m00.0s

running (0m06.0s), 004/500 VUs, 70 complete and 0 interrupted iterations
default   [   5% ] 004/500 VUs  0m06.0s/2m00.0s

running (0m07.0s), 005/500 VUs, 88 complete and 0 interrupted iterations
default   [   6% ] 005/500 VUs  0m07.0s/2m00.0s

running (0m08.0s), 005/500 VUs, 110 complete and 0 interrupted iterations
default   [   7% ] 005/500 VUs  0m08.0s/2m00.0s

running (0m09.0s), 006/500 VUs, 131 complete and 0 interrupted iterations
default   [   7% ] 006/500 VUs  0m09.0s/2m00.0s

running (0m10.0s), 006/500 VUs, 152 complete and 0 interrupted iterations
default   [   8% ] 006/500 VUs  0m10.0s/2m00.0s

running (0m11.0s), 007/500 VUs, 179 complete and 0 interrupted iterations
default   [   9% ] 007/500 VUs  0m11.0s/2m00.0s

running (0m12.0s), 008/500 VUs, 206 complete and 0 interrupted iterations
default   [  10% ] 008/500 VUs  0m12.0s/2m00.0s

running (0m13.0s), 008/500 VUs, 232 complete and 0 interrupted iterations
default   [  11% ] 008/500 VUs  0m13.0s/2m00.0s

running (0m14.0s), 009/500 VUs, 261 complete and 0 interrupted iterations
default   [  12% ] 009/500 VUs  0m14.0s/2m00.0s

running (0m15.0s), 009/500 VUs, 288 complete and 0 interrupted iterations
default   [  12% ] 009/500 VUs  0m15.0s/2m00.0s

running (0m16.0s), 012/500 VUs, 312 complete and 0 interrupted iterations
default   [  13% ] 012/500 VUs  0m16.0s/2m00.0s

running (0m17.0s), 015/500 VUs, 342 complete and 0 interrupted iterations
default   [  14% ] 015/500 VUs  0m17.0s/2m00.0s

running (0m18.0s), 018/500 VUs, 375 complete and 0 interrupted iterations
default   [  15% ] 018/500 VUs  0m18.0s/2m00.0s

running (0m19.0s), 021/500 VUs, 406 complete and 0 interrupted iterations
default   [  16% ] 021/500 VUs  0m19.0s/2m00.0s

running (0m20.0s), 024/500 VUs, 438 complete and 0 interrupted iterations
default   [  17% ] 024/500 VUs  0m20.0s/2m00.0s

running (0m21.0s), 027/500 VUs, 468 complete and 0 interrupted iterations
default   [  17% ] 027/500 VUs  0m21.0s/2m00.0s

running (0m22.0s), 030/500 VUs, 496 complete and 0 interrupted iterations
default   [  18% ] 030/500 VUs  0m22.0s/2m00.0s

running (0m23.0s), 033/500 VUs, 528 complete and 0 interrupted iterations
default   [  19% ] 033/500 VUs  0m23.0s/2m00.0s

running (0m24.0s), 036/500 VUs, 563 complete and 0 interrupted iterations
default   [  20% ] 036/500 VUs  0m24.0s/2m00.0s

running (0m25.0s), 039/500 VUs, 594 complete and 0 interrupted iterations
default   [  21% ] 039/500 VUs  0m25.0s/2m00.0s

running (0m26.0s), 042/500 VUs, 622 complete and 0 interrupted iterations
default   [  22% ] 042/500 VUs  0m26.0s/2m00.0s

running (0m27.0s), 045/500 VUs, 657 complete and 0 interrupted iterations
default   [  22% ] 045/500 VUs  0m27.0s/2m00.0s

running (0m28.0s), 048/500 VUs, 681 complete and 0 interrupted iterations
default   [  23% ] 048/500 VUs  0m28.0s/2m00.0s

running (0m29.0s), 051/500 VUs, 714 complete and 0 interrupted iterations
default   [  24% ] 051/500 VUs  0m29.0s/2m00.0s

running (0m30.0s), 054/500 VUs, 746 complete and 0 interrupted iterations
default   [  25% ] 054/500 VUs  0m30.0s/2m00.0s

running (0m31.0s), 057/500 VUs, 776 complete and 0 interrupted iterations
default   [  26% ] 057/500 VUs  0m31.0s/2m00.0s

running (0m32.0s), 060/500 VUs, 807 complete and 0 interrupted iterations
default   [  27% ] 060/500 VUs  0m32.0s/2m00.0s

running (0m33.0s), 063/500 VUs, 835 complete and 0 interrupted iterations
default   [  27% ] 063/500 VUs  0m33.0s/2m00.0s

running (0m34.0s), 066/500 VUs, 864 complete and 0 interrupted iterations
default   [  28% ] 066/500 VUs  0m34.0s/2m00.0s

running (0m35.0s), 069/500 VUs, 897 complete and 0 interrupted iterations
default   [  29% ] 069/500 VUs  0m35.0s/2m00.0s

running (0m36.0s), 072/500 VUs, 926 complete and 0 interrupted iterations
default   [  30% ] 072/500 VUs  0m36.0s/2m00.0s

running (0m37.0s), 075/500 VUs, 957 complete and 0 interrupted iterations
default   [  31% ] 075/500 VUs  0m37.0s/2m00.0s

running (0m38.0s), 078/500 VUs, 989 complete and 0 interrupted iterations
default   [  32% ] 078/500 VUs  0m38.0s/2m00.0s

running (0m39.0s), 081/500 VUs, 1016 complete and 0 interrupted iterations
default   [  32% ] 081/500 VUs  0m39.0s/2m00.0s

running (0m40.0s), 084/500 VUs, 1042 complete and 0 interrupted iterations
default   [  33% ] 084/500 VUs  0m40.0s/2m00.0s

running (0m41.0s), 087/500 VUs, 1072 complete and 0 interrupted iterations
default   [  34% ] 087/500 VUs  0m41.0s/2m00.0s

running (0m42.0s), 090/500 VUs, 1104 complete and 0 interrupted iterations
default   [  35% ] 090/500 VUs  0m42.0s/2m00.0s

running (0m43.0s), 093/500 VUs, 1131 complete and 0 interrupted iterations
default   [  36% ] 093/500 VUs  0m43.0s/2m00.0s

running (0m44.0s), 096/500 VUs, 1168 complete and 0 interrupted iterations
default   [  37% ] 096/500 VUs  0m44.0s/2m00.0s

running (0m45.0s), 099/500 VUs, 1189 complete and 0 interrupted iterations
default   [  37% ] 099/500 VUs  0m45.0s/2m00.0s

running (0m46.0s), 106/500 VUs, 1223 complete and 0 interrupted iterations
default   [  38% ] 106/500 VUs  0m46.0s/2m00.0s

running (0m47.0s), 113/500 VUs, 1247 complete and 0 interrupted iterations
default   [  39% ] 113/500 VUs  0m47.0s/2m00.0s

running (0m48.0s), 119/500 VUs, 1275 complete and 0 interrupted iterations
default   [  40% ] 119/500 VUs  0m48.0s/2m00.0s

running (0m49.0s), 126/500 VUs, 1308 complete and 0 interrupted iterations
default   [  41% ] 126/500 VUs  0m49.0s/2m00.0s

running (0m50.0s), 133/500 VUs, 1332 complete and 0 interrupted iterations
default   [  42% ] 133/500 VUs  0m50.0s/2m00.0s

running (0m51.0s), 139/500 VUs, 1352 complete and 0 interrupted iterations
default   [  42% ] 139/500 VUs  0m51.0s/2m00.0s

running (0m52.0s), 146/500 VUs, 1388 complete and 0 interrupted iterations
default   [  43% ] 146/500 VUs  0m52.0s/2m00.0s

running (0m53.0s), 153/500 VUs, 1416 complete and 0 interrupted iterations
default   [  44% ] 153/500 VUs  0m53.0s/2m00.0s

running (0m54.0s), 159/500 VUs, 1439 complete and 0 interrupted iterations
default   [  45% ] 159/500 VUs  0m54.0s/2m00.0s

running (0m55.0s), 166/500 VUs, 1464 complete and 0 interrupted iterations
default   [  46% ] 166/500 VUs  0m55.0s/2m00.0s

running (0m56.0s), 173/500 VUs, 1496 complete and 0 interrupted iterations
default   [  47% ] 173/500 VUs  0m56.0s/2m00.0s

running (0m57.0s), 179/500 VUs, 1522 complete and 0 interrupted iterations
default   [  47% ] 179/500 VUs  0m57.0s/2m00.0s

running (0m58.0s), 186/500 VUs, 1545 complete and 0 interrupted iterations
default   [  48% ] 186/500 VUs  0m58.0s/2m00.0s

running (0m59.0s), 193/500 VUs, 1577 complete and 0 interrupted iterations
default   [  49% ] 193/500 VUs  0m59.0s/2m00.0s

running (1m00.0s), 199/500 VUs, 1598 complete and 0 interrupted iterations
default   [  50% ] 199/500 VUs  1m00.0s/2m00.0s

running (1m01.0s), 206/500 VUs, 1624 complete and 0 interrupted iterations
default   [  51% ] 206/500 VUs  1m01.0s/2m00.0s

running (1m02.0s), 213/500 VUs, 1647 complete and 0 interrupted iterations
default   [  52% ] 213/500 VUs  1m02.0s/2m00.0s

running (1m03.0s), 219/500 VUs, 1683 complete and 0 interrupted iterations
default   [  52% ] 219/500 VUs  1m03.0s/2m00.0s

running (1m04.0s), 226/500 VUs, 1706 complete and 0 interrupted iterations
default   [  53% ] 226/500 VUs  1m04.0s/2m00.0s

running (1m05.0s), 233/500 VUs, 1730 complete and 0 interrupted iterations
default   [  54% ] 233/500 VUs  1m05.0s/2m00.0s

running (1m06.0s), 239/500 VUs, 1759 complete and 0 interrupted iterations
default   [  55% ] 239/500 VUs  1m06.0s/2m00.0s

running (1m07.0s), 246/500 VUs, 1784 complete and 0 interrupted iterations
default   [  56% ] 246/500 VUs  1m07.0s/2m00.0s

running (1m08.0s), 253/500 VUs, 1807 complete and 0 interrupted iterations
default   [  57% ] 253/500 VUs  1m08.0s/2m00.0s

running (1m09.0s), 259/500 VUs, 1830 complete and 0 interrupted iterations
default   [  57% ] 259/500 VUs  1m09.0s/2m00.0s

running (1m10.0s), 266/500 VUs, 1850 complete and 0 interrupted iterations
default   [  58% ] 266/500 VUs  1m10.0s/2m00.0s

running (1m11.0s), 273/500 VUs, 1883 complete and 0 interrupted iterations
default   [  59% ] 273/500 VUs  1m11.0s/2m00.0s

running (1m12.0s), 279/500 VUs, 1913 complete and 0 interrupted iterations
default   [  60% ] 279/500 VUs  1m12.0s/2m00.0s

running (1m13.0s), 286/500 VUs, 1931 complete and 0 interrupted iterations
default   [  61% ] 286/500 VUs  1m13.0s/2m00.0s

running (1m14.0s), 293/500 VUs, 1955 complete and 0 interrupted iterations
default   [  62% ] 293/500 VUs  1m14.0s/2m00.0s

running (1m15.0s), 299/500 VUs, 1976 complete and 0 interrupted iterations
default   [  62% ] 299/500 VUs  1m15.0s/2m00.0s

running (1m16.0s), 306/500 VUs, 2006 complete and 0 interrupted iterations
default   [  63% ] 306/500 VUs  1m16.0s/2m00.0s

running (1m17.0s), 313/500 VUs, 2028 complete and 0 interrupted iterations
default   [  64% ] 313/500 VUs  1m17.0s/2m00.0s

running (1m18.0s), 319/500 VUs, 2044 complete and 0 interrupted iterations
default   [  65% ] 319/500 VUs  1m18.0s/2m00.0s

running (1m19.0s), 326/500 VUs, 2074 complete and 0 interrupted iterations
default   [  66% ] 326/500 VUs  1m19.0s/2m00.0s

running (1m20.0s), 333/500 VUs, 2102 complete and 0 interrupted iterations
default   [  67% ] 333/500 VUs  1m20.0s/2m00.0s

running (1m21.0s), 339/500 VUs, 2131 complete and 0 interrupted iterations
default   [  67% ] 339/500 VUs  1m21.0s/2m00.0s

running (1m22.0s), 346/500 VUs, 2155 complete and 0 interrupted iterations
default   [  68% ] 346/500 VUs  1m22.0s/2m00.0s

running (1m23.0s), 353/500 VUs, 2182 complete and 0 interrupted iterations
default   [  69% ] 353/500 VUs  1m23.0s/2m00.0s

running (1m24.0s), 359/500 VUs, 2197 complete and 0 interrupted iterations
default   [  70% ] 359/500 VUs  1m24.0s/2m00.0s

running (1m25.0s), 366/500 VUs, 2214 complete and 0 interrupted iterations
default   [  71% ] 366/500 VUs  1m25.0s/2m00.0s

running (1m26.0s), 373/500 VUs, 2250 complete and 0 interrupted iterations
default   [  72% ] 373/500 VUs  1m26.0s/2m00.0s

running (1m27.0s), 379/500 VUs, 2269 complete and 0 interrupted iterations
default   [  72% ] 379/500 VUs  1m27.0s/2m00.0s

running (1m28.0s), 386/500 VUs, 2294 complete and 0 interrupted iterations
default   [  73% ] 386/500 VUs  1m28.0s/2m00.0s

running (1m29.0s), 393/500 VUs, 2317 complete and 0 interrupted iterations
default   [  74% ] 393/500 VUs  1m29.0s/2m00.0s

running (1m30.0s), 399/500 VUs, 2339 complete and 0 interrupted iterations
default   [  75% ] 399/500 VUs  1m30.0s/2m00.0s

running (1m31.0s), 406/500 VUs, 2362 complete and 0 interrupted iterations
default   [  76% ] 406/500 VUs  1m31.0s/2m00.0s

running (1m32.0s), 413/500 VUs, 2378 complete and 0 interrupted iterations
default   [  77% ] 413/500 VUs  1m32.0s/2m00.0s

running (1m33.0s), 419/500 VUs, 2416 complete and 0 interrupted iterations
default   [  77% ] 419/500 VUs  1m33.0s/2m00.0s

running (1m34.0s), 426/500 VUs, 2435 complete and 0 interrupted iterations
default   [  78% ] 426/500 VUs  1m34.0s/2m00.0s

running (1m35.0s), 433/500 VUs, 2457 complete and 0 interrupted iterations
default   [  79% ] 433/500 VUs  1m35.0s/2m00.0s

running (1m36.0s), 439/500 VUs, 2485 complete and 0 interrupted iterations
default   [  80% ] 439/500 VUs  1m36.0s/2m00.0s

running (1m37.0s), 446/500 VUs, 2511 complete and 0 interrupted iterations
default   [  81% ] 446/500 VUs  1m37.0s/2m00.0s

running (1m38.0s), 453/500 VUs, 2531 complete and 0 interrupted iterations
default   [  82% ] 453/500 VUs  1m38.0s/2m00.0s

running (1m39.0s), 459/500 VUs, 2551 complete and 0 interrupted iterations
default   [  82% ] 459/500 VUs  1m39.0s/2m00.0s

running (1m40.0s), 466/500 VUs, 2566 complete and 0 interrupted iterations
default   [  83% ] 466/500 VUs  1m40.0s/2m00.0s

running (1m41.0s), 473/500 VUs, 2588 complete and 0 interrupted iterations
default   [  84% ] 473/500 VUs  1m41.0s/2m00.0s

running (1m42.0s), 479/500 VUs, 2611 complete and 0 interrupted iterations
default   [  85% ] 479/500 VUs  1m42.0s/2m00.0s

running (1m43.0s), 486/500 VUs, 2634 complete and 0 interrupted iterations
default   [  86% ] 486/500 VUs  1m43.0s/2m00.0s

running (1m44.0s), 493/500 VUs, 2663 complete and 0 interrupted iterations
default   [  87% ] 493/500 VUs  1m44.0s/2m00.0s

running (1m45.0s), 499/500 VUs, 2684 complete and 0 interrupted iterations
default   [  87% ] 499/500 VUs  1m45.0s/2m00.0s

running (1m46.0s), 500/500 VUs, 2706 complete and 0 interrupted iterations
default   [  88% ] 500/500 VUs  1m46.0s/2m00.0s

running (1m47.0s), 500/500 VUs, 2731 complete and 0 interrupted iterations
default   [  89% ] 500/500 VUs  1m47.0s/2m00.0s

running (1m48.0s), 500/500 VUs, 2749 complete and 0 interrupted iterations
default   [  90% ] 500/500 VUs  1m48.0s/2m00.0s

running (1m49.0s), 493/500 VUs, 2768 complete and 0 interrupted iterations
default   [  91% ] 493/500 VUs  1m49.0s/2m00.0s

running (1m50.0s), 488/500 VUs, 2790 complete and 0 interrupted iterations
default   [  92% ] 488/500 VUs  1m50.0s/2m00.0s

running (1m51.0s), 477/500 VUs, 2816 complete and 0 interrupted iterations
default   [  92% ] 477/500 VUs  1m51.0s/2m00.0s

running (1m52.0s), 471/500 VUs, 2851 complete and 0 interrupted iterations
default   [  93% ] 471/500 VUs  1m52.0s/2m00.0s

running (1m53.0s), 462/500 VUs, 2867 complete and 0 interrupted iterations
default   [  94% ] 462/500 VUs  1m53.0s/2m00.0s

running (1m54.0s), 441/500 VUs, 2901 complete and 0 interrupted iterations
default   [  95% ] 441/500 VUs  1m54.0s/2m00.0s

running (1m55.0s), 431/500 VUs, 2923 complete and 0 interrupted iterations
default   [  96% ] 431/500 VUs  1m55.0s/2m00.0s

running (1m56.0s), 413/500 VUs, 2950 complete and 0 interrupted iterations
default   [  97% ] 413/500 VUs  1m56.0s/2m00.0s

running (1m57.0s), 397/500 VUs, 2970 complete and 0 interrupted iterations
default   [  97% ] 397/500 VUs  1m57.0s/2m00.0s

running (1m58.0s), 367/500 VUs, 3007 complete and 0 interrupted iterations
default   [  98% ] 367/500 VUs  1m58.0s/2m00.0s

running (1m59.0s), 348/500 VUs, 3027 complete and 0 interrupted iterations
default   [  99% ] 348/500 VUs  1m59.0s/2m00.0s

running (2m00.0s), 321/500 VUs, 3055 complete and 0 interrupted iterations
default   [ 100% ] 321/500 VUs  2m0s

running (2m01.0s), 295/500 VUs, 3081 complete and 0 interrupted iterations
default О“ГҐГґ [ 100% ] 321/500 VUs  2m0s

running (2m02.0s), 264/500 VUs, 3112 complete and 0 interrupted iterations
default О“ГҐГґ [ 100% ] 321/500 VUs  2m0s

running (2m03.0s), 234/500 VUs, 3142 complete and 0 interrupted iterations
default О“ГҐГґ [ 100% ] 321/500 VUs  2m0s

running (2m04.0s), 208/500 VUs, 3168 complete and 0 interrupted iterations
default О“ГҐГґ [ 100% ] 321/500 VUs  2m0s

running (2m05.0s), 173/500 VUs, 3203 complete and 0 interrupted iterations
default О“ГҐГґ [ 100% ] 321/500 VUs  2m0s

running (2m06.0s), 145/500 VUs, 3231 complete and 0 interrupted iterations
default О“ГҐГґ [ 100% ] 321/500 VUs  2m0s

running (2m07.0s), 113/500 VUs, 3263 complete and 0 interrupted iterations
default О“ГҐГґ [ 100% ] 321/500 VUs  2m0s

running (2m08.0s), 092/500 VUs, 3284 complete and 0 interrupted iterations
default О“ГҐГґ [ 100% ] 321/500 VUs  2m0s

running (2m09.0s), 031/500 VUs, 3345 complete and 0 interrupted iterations
default О“ГҐГґ [ 100% ] 321/500 VUs  2m0s
[32m      О“ВЈГґ list products: status 200[0m
[32m      О“ВЈГґ list products: has data[0m
[32m      О“ВЈГґ get product: status 200 or 404[0m
[32m      О“ВЈГґ search: status 200[0m
[32m      О“ВЈГґ category filter: status 200[0m
[32m      О“ВЈГґ reviews by product: status 200[0m
[32m      О“ВЈГґ average rating: status 200[0m
[32m      О“ВЈГґ add to cart: status 200 or 201[0m
[32m      О“ВЈГґ get cart: status 200[0m
[32m      О“ВЈГґ create order: status 201[0m
[32m      О“ВЈГґ home page: status 200[0m
[32m      О“ВЈГґ products page: status 200[0m
[32m      О“ВЈГґ product detail page: status 200[0m
[31m      О“ВЈГ№ add to cart (page): status 200
       О“ГҐв”‚  0% О“Г‡Г¶ О“ВЈГґ 0 / О“ВЈГ№ 3376[0m
[32m      О“ВЈГґ cart page: status 200[0m
[32m      О“ВЈГґ checkout page: status 200[0m
[31m      О“ВЈГ№ checkout submit: status 200
       О“ГҐв”‚  0% О“Г‡Г¶ О“ВЈГґ 0 / О“ВЈГ№ 3376[0m
[32m      О“ВЈГґ orders page: status 200[0m

      checks[2m.........................:[0m [36m88.88%[0m [36;2mО“ВЈГґ 54016[0m      [36;2mО“ВЈГ№ 6752[0m 
      data_received[2m..................:[0m [36m2.3 GB[0m [36;2m17 MB/s[0m
      data_sent[2m......................:[0m [36m11 MB[0m  [36;2m84 kB/s[0m
      http_req_blocked[2m...............:[0m avg=[36m14.44в”¬в•Ўs[0m  min=[36m0s[0m       med=[36m0s[0m       max=[36m38.86ms[0m  p(90)=[36m0s[0m     p(95)=[36m0s[0m     
      http_req_connecting[2m............:[0m avg=[36m8.07в”¬в•Ўs[0m   min=[36m0s[0m       med=[36m0s[0m       max=[36m27.65ms[0m  p(90)=[36m0s[0m     p(95)=[36m0s[0m     
    [32mО“ВЈГґ[0m http_req_duration[2m..............:[0m avg=[36m461.39ms[0m min=[36m0s[0m       med=[36m262.97ms[0m max=[36m2.97s[0m    p(90)=[36m1.26s[0m  p(95)=[36m1.59s[0m  
        { expected_response:true }[2m...:[0m avg=[36m514.81ms[0m min=[36m0s[0m       med=[36m336.77ms[0m max=[36m2.97s[0m    p(90)=[36m1.32s[0m  p(95)=[36m1.64s[0m  
    [31mО“ВЈГ№[0m http_req_failed[2m................:[0m [36m11.11%[0m [36;2mО“ВЈГґ 6752[0m       [36;2mО“ВЈГ№ 54016[0m
      http_req_receiving[2m.............:[0m avg=[36m6.69ms[0m   min=[36m0s[0m       med=[36m0s[0m       max=[36m512.88ms[0m p(90)=[36m4.44ms[0m p(95)=[36m47.71ms[0m
      http_req_sending[2m...............:[0m avg=[36m22.95в”¬в•Ўs[0m  min=[36m0s[0m       med=[36m0s[0m       max=[36m22.96ms[0m  p(90)=[36m0s[0m     p(95)=[36m0s[0m     
      http_req_tls_handshaking[2m.......:[0m avg=[36m0s[0m       min=[36m0s[0m       med=[36m0s[0m       max=[36m0s[0m       p(90)=[36m0s[0m     p(95)=[36m0s[0m     
      http_req_waiting[2m...............:[0m avg=[36m454.67ms[0m min=[36m0s[0m       med=[36m250.08ms[0m max=[36m2.97s[0m    p(90)=[36m1.26s[0m  p(95)=[36m1.59s[0m  
      http_reqs[2m......................:[0m [36m60768[0m  [36;2m468.484148/s[0m
      iteration_duration[2m.............:[0m avg=[36m8.31s[0m    min=[36m159.31ms[0m med=[36m6.7s[0m     max=[36m20.49s[0m   p(90)=[36m18.63s[0m p(95)=[36m19.22s[0m 
      iterations[2m.....................:[0m [36m3376[0m   [36;2m26.026897/s[0m
      vus[2m............................:[0m [36m31[0m     [36;2mmin=1[0m        [36;2mmax=500[0m
      vus_max[2m........................:[0m [36m500[0m    [36;2mmin=500[0m      [36;2mmax=500[0m
running (2m09.7s), 000/500 VUs, 3376 complete and 0 interrupted iterations
default О“ВЈГґ [ 100% ] 000/500 VUs  2m0s
time="2026-03-15T03:12:03-07:00" level=error msg="thresholds on metrics 'http_req_failed' have been crossed"

