
         /\      Grafana   /О“Г‡в•›О“Г‡в•›/  
    /\  /  \     |\  __   /  /   
   /  \/    \    | |/ /  /   О“Г‡в•›О“Г‡в•›\ 
  /          \   |   (  |  (О“Г‡в•›)  |
 / __________ \  |_|\_\  \_____/ 


     execution: local
        script: C:\Projects\Hone\sample-api\scale-tests\scenarios\baseline.js
        output: -

     scenarios: (100.00%) 1 scenario, 500 max VUs, 2m30s max duration (incl. graceful stop):
              * default: Up to 500 looping VUs for 2m0s over 5 stages (gracefulRampDown: 30s, gracefulStop: 30s)


running (0m01.0s), 001/500 VUs, 7 complete and 0 interrupted iterations
default   [   1% ] 001/500 VUs  0m01.0s/2m00.0s

running (0m02.0s), 002/500 VUs, 16 complete and 0 interrupted iterations
default   [   2% ] 002/500 VUs  0m02.0s/2m00.0s

running (0m03.0s), 002/500 VUs, 29 complete and 0 interrupted iterations
default   [   2% ] 002/500 VUs  0m03.0s/2m00.0s

running (0m04.0s), 003/500 VUs, 44 complete and 0 interrupted iterations
default   [   3% ] 003/500 VUs  0m04.0s/2m00.0s

running (0m05.0s), 003/500 VUs, 64 complete and 0 interrupted iterations
default   [   4% ] 003/500 VUs  0m05.0s/2m00.0s

running (0m06.0s), 004/500 VUs, 85 complete and 0 interrupted iterations
default   [   5% ] 004/500 VUs  0m06.0s/2m00.0s

running (0m07.0s), 005/500 VUs, 108 complete and 0 interrupted iterations
default   [   6% ] 005/500 VUs  0m07.0s/2m00.0s

running (0m08.0s), 005/500 VUs, 135 complete and 0 interrupted iterations
default   [   7% ] 005/500 VUs  0m08.0s/2m00.0s

running (0m09.0s), 006/500 VUs, 163 complete and 0 interrupted iterations
default   [   7% ] 006/500 VUs  0m09.0s/2m00.0s

running (0m10.0s), 006/500 VUs, 188 complete and 0 interrupted iterations
default   [   8% ] 006/500 VUs  0m10.0s/2m00.0s

running (0m11.0s), 007/500 VUs, 220 complete and 0 interrupted iterations
default   [   9% ] 007/500 VUs  0m11.0s/2m00.0s

running (0m12.0s), 008/500 VUs, 251 complete and 0 interrupted iterations
default   [  10% ] 008/500 VUs  0m12.0s/2m00.0s

running (0m13.0s), 008/500 VUs, 283 complete and 0 interrupted iterations
default   [  11% ] 008/500 VUs  0m13.0s/2m00.0s

running (0m14.0s), 009/500 VUs, 316 complete and 0 interrupted iterations
default   [  12% ] 009/500 VUs  0m14.0s/2m00.0s

running (0m15.0s), 009/500 VUs, 352 complete and 0 interrupted iterations
default   [  12% ] 009/500 VUs  0m15.0s/2m00.0s

running (0m16.0s), 012/500 VUs, 386 complete and 0 interrupted iterations
default   [  13% ] 012/500 VUs  0m16.0s/2m00.0s

running (0m17.0s), 015/500 VUs, 423 complete and 0 interrupted iterations
default   [  14% ] 015/500 VUs  0m17.0s/2m00.0s

running (0m18.0s), 018/500 VUs, 455 complete and 0 interrupted iterations
default   [  15% ] 018/500 VUs  0m18.0s/2m00.0s

running (0m19.0s), 021/500 VUs, 488 complete and 0 interrupted iterations
default   [  16% ] 021/500 VUs  0m19.0s/2m00.0s

running (0m20.0s), 024/500 VUs, 524 complete and 0 interrupted iterations
default   [  17% ] 024/500 VUs  0m20.0s/2m00.0s

running (0m21.0s), 027/500 VUs, 558 complete and 0 interrupted iterations
default   [  17% ] 027/500 VUs  0m21.0s/2m00.0s

running (0m22.0s), 030/500 VUs, 597 complete and 0 interrupted iterations
default   [  18% ] 030/500 VUs  0m22.0s/2m00.0s

running (0m23.0s), 033/500 VUs, 629 complete and 0 interrupted iterations
default   [  19% ] 033/500 VUs  0m23.0s/2m00.0s

running (0m24.0s), 036/500 VUs, 664 complete and 0 interrupted iterations
default   [  20% ] 036/500 VUs  0m24.0s/2m00.0s

running (0m25.0s), 039/500 VUs, 697 complete and 0 interrupted iterations
default   [  21% ] 039/500 VUs  0m25.0s/2m00.0s

running (0m26.0s), 042/500 VUs, 734 complete and 0 interrupted iterations
default   [  22% ] 042/500 VUs  0m26.0s/2m00.0s

running (0m27.0s), 045/500 VUs, 762 complete and 0 interrupted iterations
default   [  22% ] 045/500 VUs  0m27.0s/2m00.0s

running (0m28.0s), 048/500 VUs, 798 complete and 0 interrupted iterations
default   [  23% ] 048/500 VUs  0m28.0s/2m00.0s

running (0m29.0s), 051/500 VUs, 829 complete and 0 interrupted iterations
default   [  24% ] 051/500 VUs  0m29.0s/2m00.0s

running (0m30.0s), 054/500 VUs, 868 complete and 0 interrupted iterations
default   [  25% ] 054/500 VUs  0m30.0s/2m00.0s

running (0m31.0s), 057/500 VUs, 899 complete and 0 interrupted iterations
default   [  26% ] 057/500 VUs  0m31.0s/2m00.0s

running (0m32.0s), 060/500 VUs, 927 complete and 0 interrupted iterations
default   [  27% ] 060/500 VUs  0m32.0s/2m00.0s

running (0m33.0s), 063/500 VUs, 956 complete and 0 interrupted iterations
default   [  27% ] 063/500 VUs  0m33.0s/2m00.0s

running (0m34.0s), 066/500 VUs, 988 complete and 0 interrupted iterations
default   [  28% ] 066/500 VUs  0m34.0s/2m00.0s

running (0m35.0s), 069/500 VUs, 1020 complete and 0 interrupted iterations
default   [  29% ] 069/500 VUs  0m35.0s/2m00.0s

running (0m36.0s), 072/500 VUs, 1058 complete and 0 interrupted iterations
default   [  30% ] 072/500 VUs  0m36.0s/2m00.0s

running (0m37.0s), 075/500 VUs, 1088 complete and 0 interrupted iterations
default   [  31% ] 075/500 VUs  0m37.0s/2m00.0s

running (0m38.0s), 078/500 VUs, 1125 complete and 0 interrupted iterations
default   [  32% ] 078/500 VUs  0m38.0s/2m00.0s

running (0m39.0s), 081/500 VUs, 1161 complete and 0 interrupted iterations
default   [  32% ] 081/500 VUs  0m39.0s/2m00.0s

running (0m40.0s), 084/500 VUs, 1190 complete and 0 interrupted iterations
default   [  33% ] 084/500 VUs  0m40.0s/2m00.0s

running (0m41.0s), 087/500 VUs, 1217 complete and 0 interrupted iterations
default   [  34% ] 087/500 VUs  0m41.0s/2m00.0s

running (0m42.0s), 090/500 VUs, 1244 complete and 0 interrupted iterations
default   [  35% ] 090/500 VUs  0m42.0s/2m00.0s

running (0m43.0s), 093/500 VUs, 1289 complete and 0 interrupted iterations
default   [  36% ] 093/500 VUs  0m43.0s/2m00.0s

running (0m44.0s), 096/500 VUs, 1313 complete and 0 interrupted iterations
default   [  37% ] 096/500 VUs  0m44.0s/2m00.0s

running (0m45.0s), 099/500 VUs, 1343 complete and 0 interrupted iterations
default   [  37% ] 099/500 VUs  0m45.0s/2m00.0s

running (0m46.0s), 106/500 VUs, 1383 complete and 0 interrupted iterations
default   [  38% ] 106/500 VUs  0m46.0s/2m00.0s

running (0m47.0s), 113/500 VUs, 1402 complete and 0 interrupted iterations
default   [  39% ] 113/500 VUs  0m47.0s/2m00.0s

running (0m48.0s), 119/500 VUs, 1431 complete and 0 interrupted iterations
default   [  40% ] 119/500 VUs  0m48.0s/2m00.0s

running (0m49.0s), 126/500 VUs, 1464 complete and 0 interrupted iterations
default   [  41% ] 126/500 VUs  0m49.0s/2m00.0s

running (0m50.0s), 133/500 VUs, 1491 complete and 0 interrupted iterations
default   [  42% ] 133/500 VUs  0m50.0s/2m00.0s

running (0m51.0s), 139/500 VUs, 1515 complete and 0 interrupted iterations
default   [  42% ] 139/500 VUs  0m51.0s/2m00.0s

running (0m52.0s), 146/500 VUs, 1550 complete and 0 interrupted iterations
default   [  43% ] 146/500 VUs  0m52.0s/2m00.0s

running (0m53.0s), 153/500 VUs, 1564 complete and 0 interrupted iterations
default   [  44% ] 153/500 VUs  0m53.0s/2m00.0s

running (0m54.0s), 159/500 VUs, 1621 complete and 0 interrupted iterations
default   [  45% ] 159/500 VUs  0m54.0s/2m00.0s

running (0m55.0s), 166/500 VUs, 1639 complete and 0 interrupted iterations
default   [  46% ] 166/500 VUs  0m55.0s/2m00.0s

running (0m56.0s), 173/500 VUs, 1664 complete and 0 interrupted iterations
default   [  47% ] 173/500 VUs  0m56.0s/2m00.0s

running (0m57.0s), 179/500 VUs, 1694 complete and 0 interrupted iterations
default   [  47% ] 179/500 VUs  0m57.0s/2m00.0s

running (0m58.0s), 186/500 VUs, 1713 complete and 0 interrupted iterations
default   [  48% ] 186/500 VUs  0m58.0s/2m00.0s

running (0m59.0s), 193/500 VUs, 1751 complete and 0 interrupted iterations
default   [  49% ] 193/500 VUs  0m59.0s/2m00.0s

running (1m00.0s), 199/500 VUs, 1781 complete and 0 interrupted iterations
default   [  50% ] 199/500 VUs  1m00.0s/2m00.0s

running (1m01.0s), 206/500 VUs, 1790 complete and 0 interrupted iterations
default   [  51% ] 206/500 VUs  1m01.0s/2m00.0s

running (1m02.0s), 213/500 VUs, 1813 complete and 0 interrupted iterations
default   [  52% ] 213/500 VUs  1m02.0s/2m00.0s

running (1m03.0s), 219/500 VUs, 1836 complete and 0 interrupted iterations
default   [  52% ] 219/500 VUs  1m03.0s/2m00.0s

running (1m04.0s), 226/500 VUs, 1859 complete and 0 interrupted iterations
default   [  53% ] 226/500 VUs  1m04.0s/2m00.0s

running (1m05.0s), 233/500 VUs, 1869 complete and 0 interrupted iterations
default   [  54% ] 233/500 VUs  1m05.0s/2m00.0s

running (1m06.0s), 239/500 VUs, 1871 complete and 0 interrupted iterations
default   [  55% ] 239/500 VUs  1m06.0s/2m00.0s

running (1m07.0s), 246/500 VUs, 1876 complete and 0 interrupted iterations
default   [  56% ] 246/500 VUs  1m07.0s/2m00.0s

running (1m08.0s), 253/500 VUs, 1896 complete and 0 interrupted iterations
default   [  57% ] 253/500 VUs  1m08.0s/2m00.0s

running (1m09.0s), 259/500 VUs, 1929 complete and 0 interrupted iterations
default   [  57% ] 259/500 VUs  1m09.0s/2m00.0s

running (1m10.0s), 266/500 VUs, 1960 complete and 0 interrupted iterations
default   [  58% ] 266/500 VUs  1m10.0s/2m00.0s

running (1m11.0s), 273/500 VUs, 1981 complete and 0 interrupted iterations
default   [  59% ] 273/500 VUs  1m11.0s/2m00.0s

running (1m12.0s), 279/500 VUs, 1988 complete and 0 interrupted iterations
default   [  60% ] 279/500 VUs  1m12.0s/2m00.0s

running (1m13.0s), 286/500 VUs, 2009 complete and 0 interrupted iterations
default   [  61% ] 286/500 VUs  1m13.0s/2m00.0s

running (1m14.0s), 293/500 VUs, 2029 complete and 0 interrupted iterations
default   [  62% ] 293/500 VUs  1m14.0s/2m00.0s

running (1m15.0s), 300/500 VUs, 2036 complete and 0 interrupted iterations
default   [  63% ] 300/500 VUs  1m15.0s/2m00.0s

running (1m16.0s), 306/500 VUs, 2073 complete and 0 interrupted iterations
default   [  63% ] 306/500 VUs  1m16.0s/2m00.0s

running (1m17.0s), 313/500 VUs, 2104 complete and 0 interrupted iterations
default   [  64% ] 313/500 VUs  1m17.0s/2m00.0s

running (1m18.0s), 319/500 VUs, 2115 complete and 0 interrupted iterations
default   [  65% ] 319/500 VUs  1m18.0s/2m00.0s

running (1m19.0s), 326/500 VUs, 2128 complete and 0 interrupted iterations
default   [  66% ] 326/500 VUs  1m19.0s/2m00.0s

running (1m20.0s), 333/500 VUs, 2143 complete and 0 interrupted iterations
default   [  67% ] 333/500 VUs  1m20.0s/2m00.0s

running (1m21.0s), 339/500 VUs, 2178 complete and 0 interrupted iterations
default   [  67% ] 339/500 VUs  1m21.0s/2m00.0s

running (1m22.0s), 346/500 VUs, 2201 complete and 0 interrupted iterations
default   [  68% ] 346/500 VUs  1m22.0s/2m00.0s

running (1m23.0s), 353/500 VUs, 2249 complete and 0 interrupted iterations
default   [  69% ] 353/500 VUs  1m23.0s/2m00.0s

running (1m24.0s), 359/500 VUs, 2254 complete and 0 interrupted iterations
default   [  70% ] 359/500 VUs  1m24.0s/2m00.0s

running (1m25.0s), 366/500 VUs, 2269 complete and 0 interrupted iterations
default   [  71% ] 366/500 VUs  1m25.0s/2m00.0s

running (1m26.0s), 373/500 VUs, 2293 complete and 0 interrupted iterations
default   [  72% ] 373/500 VUs  1m26.0s/2m00.0s

running (1m27.0s), 379/500 VUs, 2329 complete and 0 interrupted iterations
default   [  72% ] 379/500 VUs  1m27.0s/2m00.0s

running (1m28.0s), 386/500 VUs, 2366 complete and 0 interrupted iterations
default   [  73% ] 386/500 VUs  1m28.0s/2m00.0s

running (1m29.0s), 393/500 VUs, 2407 complete and 0 interrupted iterations
default   [  74% ] 393/500 VUs  1m29.0s/2m00.0s

running (1m30.0s), 399/500 VUs, 2423 complete and 0 interrupted iterations
default   [  75% ] 399/500 VUs  1m30.0s/2m00.0s

running (1m31.0s), 406/500 VUs, 2434 complete and 0 interrupted iterations
default   [  76% ] 406/500 VUs  1m31.0s/2m00.0s

running (1m32.0s), 413/500 VUs, 2454 complete and 0 interrupted iterations
default   [  77% ] 413/500 VUs  1m32.0s/2m00.0s

running (1m33.0s), 419/500 VUs, 2488 complete and 0 interrupted iterations
default   [  77% ] 419/500 VUs  1m33.0s/2m00.0s

running (1m34.0s), 426/500 VUs, 2516 complete and 0 interrupted iterations
default   [  78% ] 426/500 VUs  1m34.0s/2m00.0s

running (1m35.0s), 433/500 VUs, 2551 complete and 0 interrupted iterations
default   [  79% ] 433/500 VUs  1m35.0s/2m00.0s

running (1m36.0s), 439/500 VUs, 2584 complete and 0 interrupted iterations
default   [  80% ] 439/500 VUs  1m36.0s/2m00.0s

running (1m37.0s), 446/500 VUs, 2606 complete and 0 interrupted iterations
default   [  81% ] 446/500 VUs  1m37.0s/2m00.0s

running (1m38.0s), 453/500 VUs, 2616 complete and 0 interrupted iterations
default   [  82% ] 453/500 VUs  1m38.0s/2m00.0s

running (1m39.0s), 459/500 VUs, 2633 complete and 0 interrupted iterations
default   [  82% ] 459/500 VUs  1m39.0s/2m00.0s

running (1m40.0s), 466/500 VUs, 2654 complete and 0 interrupted iterations
default   [  83% ] 466/500 VUs  1m40.0s/2m00.0s

running (1m41.0s), 473/500 VUs, 2684 complete and 0 interrupted iterations
default   [  84% ] 473/500 VUs  1m41.0s/2m00.0s

running (1m42.0s), 479/500 VUs, 2714 complete and 0 interrupted iterations
default   [  85% ] 479/500 VUs  1m42.0s/2m00.0s

running (1m43.0s), 486/500 VUs, 2753 complete and 0 interrupted iterations
default   [  86% ] 486/500 VUs  1m43.0s/2m00.0s

running (1m44.0s), 493/500 VUs, 2786 complete and 0 interrupted iterations
default   [  87% ] 493/500 VUs  1m44.0s/2m00.0s

running (1m45.0s), 499/500 VUs, 2817 complete and 0 interrupted iterations
default   [  87% ] 499/500 VUs  1m45.0s/2m00.0s

running (1m46.0s), 500/500 VUs, 2824 complete and 0 interrupted iterations
default   [  88% ] 500/500 VUs  1m46.0s/2m00.0s

running (1m47.0s), 500/500 VUs, 2836 complete and 0 interrupted iterations
default   [  89% ] 500/500 VUs  1m47.0s/2m00.0s

running (1m48.0s), 498/500 VUs, 2860 complete and 0 interrupted iterations
default   [  90% ] 498/500 VUs  1m48.0s/2m00.0s

running (1m49.0s), 494/500 VUs, 2880 complete and 0 interrupted iterations
default   [  91% ] 494/500 VUs  1m49.0s/2m00.0s

running (1m50.0s), 488/500 VUs, 2921 complete and 0 interrupted iterations
default   [  92% ] 488/500 VUs  1m50.0s/2m00.0s

running (1m51.0s), 482/500 VUs, 2940 complete and 0 interrupted iterations
default   [  92% ] 482/500 VUs  1m51.0s/2m00.0s

running (1m52.0s), 468/500 VUs, 2982 complete and 0 interrupted iterations
default   [  93% ] 468/500 VUs  1m52.0s/2m00.0s

running (1m53.0s), 455/500 VUs, 3019 complete and 0 interrupted iterations
default   [  94% ] 455/500 VUs  1m53.0s/2m00.0s

running (1m54.0s), 440/500 VUs, 3049 complete and 0 interrupted iterations
default   [  95% ] 440/500 VUs  1m54.0s/2m00.0s

running (1m55.0s), 431/500 VUs, 3058 complete and 0 interrupted iterations
default   [  96% ] 431/500 VUs  1m55.0s/2m00.0s

running (1m56.0s), 409/500 VUs, 3080 complete and 0 interrupted iterations
default   [  97% ] 409/500 VUs  1m56.0s/2m00.0s

running (1m57.0s), 394/500 VUs, 3096 complete and 0 interrupted iterations
default   [  97% ] 394/500 VUs  1m57.0s/2m00.0s

running (1m58.0s), 361/500 VUs, 3132 complete and 0 interrupted iterations
default   [  98% ] 361/500 VUs  1m58.0s/2m00.0s

running (1m59.0s), 351/500 VUs, 3145 complete and 0 interrupted iterations
default   [  99% ] 351/500 VUs  1m59.0s/2m00.0s

running (2m00.0s), 330/500 VUs, 3167 complete and 0 interrupted iterations
default   [ 100% ] 330/500 VUs  2m00.0s/2m00.0s

running (2m01.0s), 293/500 VUs, 3204 complete and 0 interrupted iterations
default О“ГҐГґ [ 100% ] 326/500 VUs  2m0s

running (2m02.0s), 230/500 VUs, 3267 complete and 0 interrupted iterations
default О“ГҐГґ [ 100% ] 326/500 VUs  2m0s

running (2m03.0s), 177/500 VUs, 3320 complete and 0 interrupted iterations
default О“ГҐГґ [ 100% ] 326/500 VUs  2m0s

running (2m04.0s), 162/500 VUs, 3335 complete and 0 interrupted iterations
default О“ГҐГґ [ 100% ] 326/500 VUs  2m0s

running (2m05.0s), 141/500 VUs, 3356 complete and 0 interrupted iterations
default О“ГҐГґ [ 100% ] 326/500 VUs  2m0s

running (2m06.0s), 124/500 VUs, 3373 complete and 0 interrupted iterations
default О“ГҐГґ [ 100% ] 326/500 VUs  2m0s

running (2m07.0s), 092/500 VUs, 3405 complete and 0 interrupted iterations
default О“ГҐГґ [ 100% ] 326/500 VUs  2m0s

running (2m08.0s), 051/500 VUs, 3446 complete and 0 interrupted iterations
default О“ГҐГґ [ 100% ] 326/500 VUs  2m0s

running (2m09.0s), 032/500 VUs, 3465 complete and 0 interrupted iterations
default О“ГҐГґ [ 100% ] 326/500 VUs  2m0s
[32m      О“ВЈГґ list products: status 200[0m
[32m      О“ВЈГґ list products: has data[0m
[32m      О“ВЈГґ get product: status 200 or 404[0m
[32m      О“ВЈГґ search: status 200[0m
[32m      О“ВЈГґ category filter: status 200[0m
[32m      О“ВЈГґ reviews by product: status 200[0m
[32m      О“ВЈГґ average rating: status 200[0m
[32m      О“ВЈГґ add to cart: status 200 or 201[0m
[32m      О“ВЈГґ get cart: status 200[0m
[32m      О“ВЈГґ create order: status 201[0m
[32m      О“ВЈГґ home page: status 200[0m
[32m      О“ВЈГґ products page: status 200[0m
[32m      О“ВЈГґ product detail page: status 200[0m
[31m      О“ВЈГ№ add to cart (page): status 200
       О“ГҐв”‚  0% О“Г‡Г¶ О“ВЈГґ 0 / О“ВЈГ№ 3497[0m
[32m      О“ВЈГґ cart page: status 200[0m
[32m      О“ВЈГґ checkout page: status 200[0m
[31m      О“ВЈГ№ checkout submit: status 200
       О“ГҐв”‚  0% О“Г‡Г¶ О“ВЈГґ 0 / О“ВЈГ№ 3497[0m
[32m      О“ВЈГґ orders page: status 200[0m

      checks[2m.........................:[0m [36m88.88%[0m [36;2mО“ВЈГґ 55952[0m      [36;2mО“ВЈГ№ 6994[0m 
      data_received[2m..................:[0m [36m2.3 GB[0m [36;2m18 MB/s[0m
      data_sent[2m......................:[0m [36m11 MB[0m  [36;2m87 kB/s[0m
      http_req_blocked[2m...............:[0m avg=[36m12.18в”¬в•Ўs[0m  min=[36m0s[0m       med=[36m0s[0m       max=[36m31.05ms[0m p(90)=[36m0s[0m     p(95)=[36m0s[0m     
      http_req_connecting[2m............:[0m avg=[36m7.13в”¬в•Ўs[0m   min=[36m0s[0m       med=[36m0s[0m       max=[36m31.05ms[0m p(90)=[36m0s[0m     p(95)=[36m0s[0m     
    [32mО“ВЈГґ[0m http_req_duration[2m..............:[0m avg=[36m441.09ms[0m min=[36m0s[0m       med=[36m193.97ms[0m max=[36m5.01s[0m   p(90)=[36m1.14s[0m  p(95)=[36m1.71s[0m  
        { expected_response:true }[2m...:[0m avg=[36m488.8ms[0m  min=[36m0s[0m       med=[36m256.85ms[0m max=[36m5.01s[0m   p(90)=[36m1.22s[0m  p(95)=[36m1.8s[0m   
    [31mО“ВЈГ№[0m http_req_failed[2m................:[0m [36m11.11%[0m [36;2mО“ВЈГґ 6994[0m       [36;2mО“ВЈГ№ 55952[0m
      http_req_receiving[2m.............:[0m avg=[36m11.82ms[0m  min=[36m0s[0m       med=[36m0s[0m       max=[36m1.17s[0m   p(90)=[36m7.28ms[0m p(95)=[36m83.85ms[0m
      http_req_sending[2m...............:[0m avg=[36m19.94в”¬в•Ўs[0m  min=[36m0s[0m       med=[36m0s[0m       max=[36m15.65ms[0m p(90)=[36m0s[0m     p(95)=[36m0s[0m     
      http_req_tls_handshaking[2m.......:[0m avg=[36m0s[0m       min=[36m0s[0m       med=[36m0s[0m       max=[36m0s[0m      p(90)=[36m0s[0m     p(95)=[36m0s[0m     
      http_req_waiting[2m...............:[0m avg=[36m429.25ms[0m min=[36m0s[0m       med=[36m181.14ms[0m max=[36m5.01s[0m   p(90)=[36m1.1s[0m   p(95)=[36m1.68s[0m  
      http_reqs[2m......................:[0m [36m62946[0m  [36;2m487.002199/s[0m
      iteration_duration[2m.............:[0m avg=[36m7.94s[0m    min=[36m132.27ms[0m med=[36m5.43s[0m    max=[36m20.69s[0m  p(90)=[36m17.22s[0m p(95)=[36m17.94s[0m 
      iterations[2m.....................:[0m [36m3497[0m   [36;2m27.055678/s[0m
      vus[2m............................:[0m [36m32[0m     [36;2mmin=1[0m        [36;2mmax=500[0m
      vus_max[2m........................:[0m [36m500[0m    [36;2mmin=500[0m      [36;2mmax=500[0m
running (2m09.3s), 000/500 VUs, 3497 complete and 0 interrupted iterations
default О“ВЈГґ [ 100% ] 000/500 VUs  2m0s
time="2026-03-14T11:13:55-07:00" level=error msg="thresholds on metrics 'http_req_failed' have been crossed"

