
         /\      Grafana   /О“Г‡в•›О“Г‡в•›/  
    /\  /  \     |\  __   /  /   
   /  \/    \    | |/ /  /   О“Г‡в•›О“Г‡в•›\ 
  /          \   |   (  |  (О“Г‡в•›)  |
 / __________ \  |_|\_\  \_____/ 


     execution: local
        script: C:\Projects\Hone\sample-api\scale-tests\scenarios\baseline.js
        output: -

     scenarios: (100.00%) 1 scenario, 500 max VUs, 2m30s max duration (incl. graceful stop):
              * default: Up to 500 looping VUs for 2m0s over 5 stages (gracefulRampDown: 30s, gracefulStop: 30s)


running (0m01.0s), 001/500 VUs, 4 complete and 0 interrupted iterations
default   [   1% ] 001/500 VUs  0m01.0s/2m00.0s

running (0m02.0s), 002/500 VUs, 10 complete and 0 interrupted iterations
default   [   2% ] 002/500 VUs  0m02.0s/2m00.0s

running (0m03.0s), 002/500 VUs, 18 complete and 0 interrupted iterations
default   [   2% ] 002/500 VUs  0m03.0s/2m00.0s

running (0m04.0s), 003/500 VUs, 28 complete and 0 interrupted iterations
default   [   3% ] 003/500 VUs  0m04.0s/2m00.0s

running (0m05.0s), 003/500 VUs, 40 complete and 0 interrupted iterations
default   [   4% ] 003/500 VUs  0m05.0s/2m00.0s

running (0m06.0s), 004/500 VUs, 52 complete and 0 interrupted iterations
default   [   5% ] 004/500 VUs  0m06.0s/2m00.0s

running (0m07.0s), 005/500 VUs, 68 complete and 0 interrupted iterations
default   [   6% ] 005/500 VUs  0m07.0s/2m00.0s

running (0m08.0s), 005/500 VUs, 82 complete and 0 interrupted iterations
default   [   7% ] 005/500 VUs  0m08.0s/2m00.0s

running (0m09.0s), 006/500 VUs, 100 complete and 0 interrupted iterations
default   [   7% ] 006/500 VUs  0m09.0s/2m00.0s

running (0m10.0s), 006/500 VUs, 118 complete and 0 interrupted iterations
default   [   8% ] 006/500 VUs  0m10.0s/2m00.0s

running (0m11.0s), 007/500 VUs, 135 complete and 0 interrupted iterations
default   [   9% ] 007/500 VUs  0m11.0s/2m00.0s

running (0m12.0s), 008/500 VUs, 154 complete and 0 interrupted iterations
default   [  10% ] 008/500 VUs  0m12.0s/2m00.0s

running (0m13.0s), 008/500 VUs, 176 complete and 0 interrupted iterations
default   [  11% ] 008/500 VUs  0m13.0s/2m00.0s

running (0m14.0s), 009/500 VUs, 193 complete and 0 interrupted iterations
default   [  12% ] 009/500 VUs  0m14.0s/2m00.0s

running (0m15.0s), 009/500 VUs, 215 complete and 0 interrupted iterations
default   [  12% ] 009/500 VUs  0m15.0s/2m00.0s

running (0m16.0s), 012/500 VUs, 239 complete and 0 interrupted iterations
default   [  13% ] 012/500 VUs  0m16.0s/2m00.0s

running (0m17.0s), 015/500 VUs, 265 complete and 0 interrupted iterations
default   [  14% ] 015/500 VUs  0m17.0s/2m00.0s

running (0m18.0s), 018/500 VUs, 283 complete and 0 interrupted iterations
default   [  15% ] 018/500 VUs  0m18.0s/2m00.0s

running (0m19.0s), 021/500 VUs, 305 complete and 0 interrupted iterations
default   [  16% ] 021/500 VUs  0m19.0s/2m00.0s

running (0m20.0s), 024/500 VUs, 330 complete and 0 interrupted iterations
default   [  17% ] 024/500 VUs  0m20.0s/2m00.0s

running (0m21.0s), 027/500 VUs, 354 complete and 0 interrupted iterations
default   [  17% ] 027/500 VUs  0m21.0s/2m00.0s

running (0m22.0s), 030/500 VUs, 374 complete and 0 interrupted iterations
default   [  18% ] 030/500 VUs  0m22.0s/2m00.0s

running (0m23.0s), 033/500 VUs, 399 complete and 0 interrupted iterations
default   [  19% ] 033/500 VUs  0m23.0s/2m00.0s

running (0m24.0s), 036/500 VUs, 421 complete and 0 interrupted iterations
default   [  20% ] 036/500 VUs  0m24.0s/2m00.0s

running (0m25.0s), 039/500 VUs, 441 complete and 0 interrupted iterations
default   [  21% ] 039/500 VUs  0m25.0s/2m00.0s

running (0m26.0s), 042/500 VUs, 465 complete and 0 interrupted iterations
default   [  22% ] 042/500 VUs  0m26.0s/2m00.0s

running (0m27.0s), 045/500 VUs, 487 complete and 0 interrupted iterations
default   [  22% ] 045/500 VUs  0m27.0s/2m00.0s

running (0m28.0s), 048/500 VUs, 512 complete and 0 interrupted iterations
default   [  23% ] 048/500 VUs  0m28.0s/2m00.0s

running (0m29.0s), 051/500 VUs, 532 complete and 0 interrupted iterations
default   [  24% ] 051/500 VUs  0m29.0s/2m00.0s

running (0m30.0s), 054/500 VUs, 554 complete and 0 interrupted iterations
default   [  25% ] 054/500 VUs  0m30.0s/2m00.0s

running (0m31.0s), 057/500 VUs, 579 complete and 0 interrupted iterations
default   [  26% ] 057/500 VUs  0m31.0s/2m00.0s

running (0m32.0s), 060/500 VUs, 597 complete and 0 interrupted iterations
default   [  27% ] 060/500 VUs  0m32.0s/2m00.0s

running (0m33.0s), 063/500 VUs, 622 complete and 0 interrupted iterations
default   [  27% ] 063/500 VUs  0m33.0s/2m00.0s

running (0m34.0s), 066/500 VUs, 638 complete and 0 interrupted iterations
default   [  28% ] 066/500 VUs  0m34.0s/2m00.0s

running (0m35.0s), 069/500 VUs, 661 complete and 0 interrupted iterations
default   [  29% ] 069/500 VUs  0m35.0s/2m00.0s

running (0m36.0s), 072/500 VUs, 685 complete and 0 interrupted iterations
default   [  30% ] 072/500 VUs  0m36.0s/2m00.0s

running (0m37.0s), 075/500 VUs, 703 complete and 0 interrupted iterations
default   [  31% ] 075/500 VUs  0m37.0s/2m00.0s

running (0m38.0s), 078/500 VUs, 728 complete and 0 interrupted iterations
default   [  32% ] 078/500 VUs  0m38.0s/2m00.0s

running (0m39.0s), 081/500 VUs, 748 complete and 0 interrupted iterations
default   [  32% ] 081/500 VUs  0m39.0s/2m00.0s

running (0m40.0s), 084/500 VUs, 767 complete and 0 interrupted iterations
default   [  33% ] 084/500 VUs  0m40.0s/2m00.0s

running (0m41.0s), 087/500 VUs, 790 complete and 0 interrupted iterations
default   [  34% ] 087/500 VUs  0m41.0s/2m00.0s

running (0m42.0s), 090/500 VUs, 811 complete and 0 interrupted iterations
default   [  35% ] 090/500 VUs  0m42.0s/2m00.0s

running (0m43.0s), 093/500 VUs, 837 complete and 0 interrupted iterations
default   [  36% ] 093/500 VUs  0m43.0s/2m00.0s

running (0m44.0s), 096/500 VUs, 852 complete and 0 interrupted iterations
default   [  37% ] 096/500 VUs  0m44.0s/2m00.0s

running (0m45.0s), 099/500 VUs, 874 complete and 0 interrupted iterations
default   [  37% ] 099/500 VUs  0m45.0s/2m00.0s

running (0m46.0s), 106/500 VUs, 898 complete and 0 interrupted iterations
default   [  38% ] 106/500 VUs  0m46.0s/2m00.0s

running (0m47.0s), 113/500 VUs, 909 complete and 0 interrupted iterations
default   [  39% ] 113/500 VUs  0m47.0s/2m00.0s

running (0m48.0s), 119/500 VUs, 938 complete and 0 interrupted iterations
default   [  40% ] 119/500 VUs  0m48.0s/2m00.0s

running (0m49.0s), 126/500 VUs, 957 complete and 0 interrupted iterations
default   [  41% ] 126/500 VUs  0m49.0s/2m00.0s

running (0m50.0s), 133/500 VUs, 976 complete and 0 interrupted iterations
default   [  42% ] 133/500 VUs  0m50.0s/2m00.0s

running (0m51.0s), 139/500 VUs, 999 complete and 0 interrupted iterations
default   [  42% ] 139/500 VUs  0m51.0s/2m00.0s

running (0m52.0s), 146/500 VUs, 1016 complete and 0 interrupted iterations
default   [  43% ] 146/500 VUs  0m52.0s/2m00.0s

running (0m53.0s), 152/500 VUs, 1038 complete and 0 interrupted iterations
default   [  44% ] 152/500 VUs  0m53.0s/2m00.0s

running (0m54.0s), 159/500 VUs, 1059 complete and 0 interrupted iterations
default   [  45% ] 159/500 VUs  0m54.0s/2m00.0s

running (0m55.0s), 166/500 VUs, 1080 complete and 0 interrupted iterations
default   [  46% ] 166/500 VUs  0m55.0s/2m00.0s

running (0m56.0s), 173/500 VUs, 1097 complete and 0 interrupted iterations
default   [  47% ] 173/500 VUs  0m56.0s/2m00.0s

running (0m57.0s), 179/500 VUs, 1113 complete and 0 interrupted iterations
default   [  47% ] 179/500 VUs  0m57.0s/2m00.0s

running (0m58.0s), 186/500 VUs, 1140 complete and 0 interrupted iterations
default   [  48% ] 186/500 VUs  0m58.0s/2m00.0s

running (0m59.0s), 192/500 VUs, 1154 complete and 0 interrupted iterations
default   [  49% ] 192/500 VUs  0m59.0s/2m00.0s

running (1m00.0s), 199/500 VUs, 1176 complete and 0 interrupted iterations
default   [  50% ] 199/500 VUs  1m00.0s/2m00.0s

running (1m01.0s), 206/500 VUs, 1200 complete and 0 interrupted iterations
default   [  51% ] 206/500 VUs  1m01.0s/2m00.0s

running (1m02.0s), 213/500 VUs, 1217 complete and 0 interrupted iterations
default   [  52% ] 213/500 VUs  1m02.0s/2m00.0s

running (1m03.0s), 219/500 VUs, 1236 complete and 0 interrupted iterations
default   [  52% ] 219/500 VUs  1m03.0s/2m00.0s

running (1m04.0s), 226/500 VUs, 1250 complete and 0 interrupted iterations
default   [  53% ] 226/500 VUs  1m04.0s/2m00.0s

running (1m05.0s), 233/500 VUs, 1272 complete and 0 interrupted iterations
default   [  54% ] 233/500 VUs  1m05.0s/2m00.0s

running (1m06.0s), 239/500 VUs, 1289 complete and 0 interrupted iterations
default   [  55% ] 239/500 VUs  1m06.0s/2m00.0s

running (1m07.1s), 246/500 VUs, 1306 complete and 0 interrupted iterations
default   [  56% ] 246/500 VUs  1m07.1s/2m00.0s

running (1m08.0s), 253/500 VUs, 1326 complete and 0 interrupted iterations
default   [  57% ] 253/500 VUs  1m08.0s/2m00.0s

running (1m09.0s), 259/500 VUs, 1342 complete and 0 interrupted iterations
default   [  57% ] 259/500 VUs  1m09.0s/2m00.0s

running (1m10.0s), 266/500 VUs, 1368 complete and 0 interrupted iterations
default   [  58% ] 266/500 VUs  1m10.0s/2m00.0s

running (1m11.0s), 273/500 VUs, 1380 complete and 0 interrupted iterations
default   [  59% ] 273/500 VUs  1m11.0s/2m00.0s

running (1m12.0s), 279/500 VUs, 1407 complete and 0 interrupted iterations
default   [  60% ] 279/500 VUs  1m12.0s/2m00.0s

running (1m13.0s), 286/500 VUs, 1427 complete and 0 interrupted iterations
default   [  61% ] 286/500 VUs  1m13.0s/2m00.0s

running (1m14.0s), 293/500 VUs, 1446 complete and 0 interrupted iterations
default   [  62% ] 293/500 VUs  1m14.0s/2m00.0s

running (1m15.0s), 299/500 VUs, 1462 complete and 0 interrupted iterations
default   [  62% ] 299/500 VUs  1m15.0s/2m00.0s

running (1m16.0s), 306/500 VUs, 1482 complete and 0 interrupted iterations
default   [  63% ] 306/500 VUs  1m16.0s/2m00.0s

running (1m17.0s), 313/500 VUs, 1500 complete and 0 interrupted iterations
default   [  64% ] 313/500 VUs  1m17.0s/2m00.0s

running (1m18.0s), 319/500 VUs, 1523 complete and 0 interrupted iterations
default   [  65% ] 319/500 VUs  1m18.0s/2m00.0s

running (1m19.0s), 326/500 VUs, 1534 complete and 0 interrupted iterations
default   [  66% ] 326/500 VUs  1m19.0s/2m00.0s

running (1m20.0s), 333/500 VUs, 1554 complete and 0 interrupted iterations
default   [  67% ] 333/500 VUs  1m20.0s/2m00.0s

running (1m21.0s), 339/500 VUs, 1571 complete and 0 interrupted iterations
default   [  67% ] 339/500 VUs  1m21.0s/2m00.0s

running (1m22.0s), 346/500 VUs, 1587 complete and 0 interrupted iterations
default   [  68% ] 346/500 VUs  1m22.0s/2m00.0s

running (1m23.0s), 353/500 VUs, 1611 complete and 0 interrupted iterations
default   [  69% ] 353/500 VUs  1m23.0s/2m00.0s

running (1m24.0s), 359/500 VUs, 1624 complete and 0 interrupted iterations
default   [  70% ] 359/500 VUs  1m24.0s/2m00.0s

running (1m25.0s), 366/500 VUs, 1651 complete and 0 interrupted iterations
default   [  71% ] 366/500 VUs  1m25.0s/2m00.0s

running (1m26.0s), 373/500 VUs, 1662 complete and 0 interrupted iterations
default   [  72% ] 373/500 VUs  1m26.0s/2m00.0s

running (1m27.0s), 379/500 VUs, 1692 complete and 0 interrupted iterations
default   [  72% ] 379/500 VUs  1m27.0s/2m00.0s

running (1m28.0s), 386/500 VUs, 1709 complete and 0 interrupted iterations
default   [  73% ] 386/500 VUs  1m28.0s/2m00.0s

running (1m29.0s), 393/500 VUs, 1724 complete and 0 interrupted iterations
default   [  74% ] 393/500 VUs  1m29.0s/2m00.0s

running (1m30.0s), 399/500 VUs, 1745 complete and 0 interrupted iterations
default   [  75% ] 399/500 VUs  1m30.0s/2m00.0s

running (1m31.0s), 406/500 VUs, 1756 complete and 0 interrupted iterations
default   [  76% ] 406/500 VUs  1m31.0s/2m00.0s

running (1m32.0s), 413/500 VUs, 1778 complete and 0 interrupted iterations
default   [  77% ] 413/500 VUs  1m32.0s/2m00.0s

running (1m33.0s), 419/500 VUs, 1791 complete and 0 interrupted iterations
default   [  77% ] 419/500 VUs  1m33.0s/2m00.0s

running (1m34.0s), 426/500 VUs, 1810 complete and 0 interrupted iterations
default   [  78% ] 426/500 VUs  1m34.0s/2m00.0s

running (1m35.0s), 433/500 VUs, 1830 complete and 0 interrupted iterations
default   [  79% ] 433/500 VUs  1m35.0s/2m00.0s

running (1m36.0s), 439/500 VUs, 1848 complete and 0 interrupted iterations
default   [  80% ] 439/500 VUs  1m36.0s/2m00.0s

running (1m37.0s), 446/500 VUs, 1865 complete and 0 interrupted iterations
default   [  81% ] 446/500 VUs  1m37.0s/2m00.0s

running (1m38.0s), 453/500 VUs, 1882 complete and 0 interrupted iterations
default   [  82% ] 453/500 VUs  1m38.0s/2m00.0s

running (1m39.0s), 459/500 VUs, 1897 complete and 0 interrupted iterations
default   [  82% ] 459/500 VUs  1m39.0s/2m00.0s

running (1m40.0s), 466/500 VUs, 1915 complete and 0 interrupted iterations
default   [  83% ] 466/500 VUs  1m40.0s/2m00.0s

running (1m41.0s), 473/500 VUs, 1938 complete and 0 interrupted iterations
default   [  84% ] 473/500 VUs  1m41.0s/2m00.0s

running (1m42.0s), 479/500 VUs, 1951 complete and 0 interrupted iterations
default   [  85% ] 479/500 VUs  1m42.0s/2m00.0s

running (1m43.0s), 486/500 VUs, 1969 complete and 0 interrupted iterations
default   [  86% ] 486/500 VUs  1m43.0s/2m00.0s

running (1m44.0s), 492/500 VUs, 1986 complete and 0 interrupted iterations
default   [  87% ] 492/500 VUs  1m44.0s/2m00.0s

running (1m45.0s), 499/500 VUs, 2013 complete and 0 interrupted iterations
default   [  87% ] 499/500 VUs  1m45.0s/2m00.0s

running (1m46.0s), 500/500 VUs, 2030 complete and 0 interrupted iterations
default   [  88% ] 500/500 VUs  1m46.0s/2m00.0s

running (1m47.0s), 500/500 VUs, 2047 complete and 0 interrupted iterations
default   [  89% ] 500/500 VUs  1m47.0s/2m00.0s

running (1m48.0s), 500/500 VUs, 2067 complete and 0 interrupted iterations
default   [  90% ] 500/500 VUs  1m48.0s/2m00.0s

running (1m49.0s), 497/500 VUs, 2086 complete and 0 interrupted iterations
default   [  91% ] 497/500 VUs  1m49.0s/2m00.0s

running (1m50.0s), 494/500 VUs, 2099 complete and 0 interrupted iterations
default   [  92% ] 494/500 VUs  1m50.0s/2m00.0s

running (1m51.0s), 485/500 VUs, 2120 complete and 0 interrupted iterations
default   [  92% ] 485/500 VUs  1m51.0s/2m00.0s

running (1m52.0s), 479/500 VUs, 2141 complete and 0 interrupted iterations
default   [  93% ] 479/500 VUs  1m52.0s/2m00.0s

running (1m53.0s), 469/500 VUs, 2161 complete and 0 interrupted iterations
default   [  94% ] 469/500 VUs  1m53.0s/2m00.0s

running (1m54.0s), 461/500 VUs, 2176 complete and 0 interrupted iterations
default   [  95% ] 461/500 VUs  1m54.0s/2m00.0s

running (1m55.0s), 451/500 VUs, 2194 complete and 0 interrupted iterations
default   [  96% ] 451/500 VUs  1m55.0s/2m00.0s

running (1m56.0s), 433/500 VUs, 2220 complete and 0 interrupted iterations
default   [  97% ] 433/500 VUs  1m56.0s/2m00.0s

running (1m57.0s), 418/500 VUs, 2240 complete and 0 interrupted iterations
default   [  97% ] 418/500 VUs  1m57.0s/2m00.0s

running (1m58.0s), 405/500 VUs, 2256 complete and 0 interrupted iterations
default   [  98% ] 405/500 VUs  1m58.0s/2m00.0s

running (1m59.0s), 380/500 VUs, 2286 complete and 0 interrupted iterations
default   [  99% ] 380/500 VUs  1m59.0s/2m00.0s

running (2m00.0s), 359/500 VUs, 2307 complete and 0 interrupted iterations
default   [ 100% ] 359/500 VUs  2m00.0s/2m00.0s

running (2m01.0s), 344/500 VUs, 2322 complete and 0 interrupted iterations
default О“ГҐГґ [ 100% ] 359/500 VUs  2m0s

running (2m02.0s), 329/500 VUs, 2337 complete and 0 interrupted iterations
default О“ГҐГґ [ 100% ] 359/500 VUs  2m0s

running (2m03.0s), 304/500 VUs, 2362 complete and 0 interrupted iterations
default О“ГҐГґ [ 100% ] 359/500 VUs  2m0s

running (2m04.0s), 280/500 VUs, 2386 complete and 0 interrupted iterations
default О“ГҐГґ [ 100% ] 359/500 VUs  2m0s

running (2m05.0s), 254/500 VUs, 2412 complete and 0 interrupted iterations
default О“ГҐГґ [ 100% ] 359/500 VUs  2m0s

running (2m06.0s), 228/500 VUs, 2438 complete and 0 interrupted iterations
default О“ГҐГґ [ 100% ] 359/500 VUs  2m0s

running (2m07.0s), 201/500 VUs, 2465 complete and 0 interrupted iterations
default О“ГҐГґ [ 100% ] 359/500 VUs  2m0s

running (2m08.0s), 185/500 VUs, 2481 complete and 0 interrupted iterations
default О“ГҐГґ [ 100% ] 359/500 VUs  2m0s

running (2m09.0s), 162/500 VUs, 2504 complete and 0 interrupted iterations
default О“ГҐГґ [ 100% ] 359/500 VUs  2m0s

running (2m10.0s), 125/500 VUs, 2541 complete and 0 interrupted iterations
default О“ГҐГґ [ 100% ] 359/500 VUs  2m0s

running (2m11.0s), 102/500 VUs, 2564 complete and 0 interrupted iterations
default О“ГҐГґ [ 100% ] 359/500 VUs  2m0s

running (2m12.0s), 072/500 VUs, 2594 complete and 0 interrupted iterations
default О“ГҐГґ [ 100% ] 359/500 VUs  2m0s

running (2m13.0s), 044/500 VUs, 2622 complete and 0 interrupted iterations
default О“ГҐГґ [ 100% ] 359/500 VUs  2m0s

running (2m14.0s), 000/500 VUs, 2666 complete and 0 interrupted iterations
default О“ВЈГґ [ 100% ] 000/500 VUs  2m0s
[32m      О“ВЈГґ list products: status 200[0m
[32m      О“ВЈГґ list products: has data[0m
[32m      О“ВЈГґ get product: status 200 or 404[0m
[32m      О“ВЈГґ search: status 200[0m
[32m      О“ВЈГґ category filter: status 200[0m
[32m      О“ВЈГґ reviews by product: status 200[0m
[32m      О“ВЈГґ average rating: status 200[0m
[32m      О“ВЈГґ add to cart: status 200 or 201[0m
[32m      О“ВЈГґ get cart: status 200[0m
[32m      О“ВЈГґ create order: status 201[0m
[32m      О“ВЈГґ home page: status 200[0m
[32m      О“ВЈГґ products page: status 200[0m
[32m      О“ВЈГґ product detail page: status 200[0m
[31m      О“ВЈГ№ add to cart (page): status 200
       О“ГҐв”‚  0% О“Г‡Г¶ О“ВЈГґ 0 / О“ВЈГ№ 2666[0m
[32m      О“ВЈГґ cart page: status 200[0m
[32m      О“ВЈГґ checkout page: status 200[0m
[31m      О“ВЈГ№ checkout submit: status 200
       О“ГҐв”‚  0% О“Г‡Г¶ О“ВЈГґ 0 / О“ВЈГ№ 2666[0m
[32m      О“ВЈГґ orders page: status 200[0m

      checks[2m.........................:[0m [36m88.88%[0m [36;2mО“ВЈГґ 42656[0m      [36;2mО“ВЈГ№ 5332[0m 
      data_received[2m..................:[0m [36m1.8 GB[0m [36;2m13 MB/s[0m
      data_sent[2m......................:[0m [36m8.5 MB[0m [36;2m64 kB/s[0m
      http_req_blocked[2m...............:[0m avg=[36m26.77в”¬в•Ўs[0m  min=[36m0s[0m       med=[36m0s[0m       max=[36m111.54ms[0m p(90)=[36m0s[0m     p(95)=[36m0s[0m     
      http_req_connecting[2m............:[0m avg=[36m20.51в”¬в•Ўs[0m  min=[36m0s[0m       med=[36m0s[0m       max=[36m111.54ms[0m p(90)=[36m0s[0m     p(95)=[36m0s[0m     
    [31mО“ВЈГ№[0m http_req_duration[2m..............:[0m avg=[36m611.64ms[0m min=[36m0s[0m       med=[36m369.98ms[0m max=[36m3.79s[0m    p(90)=[36m1.62s[0m  p(95)=[36m2.02s[0m  
        { expected_response:true }[2m...:[0m avg=[36m682.6ms[0m  min=[36m0s[0m       med=[36m468.78ms[0m max=[36m3.79s[0m    p(90)=[36m1.7s[0m   p(95)=[36m2.09s[0m  
    [31mО“ВЈГ№[0m http_req_failed[2m................:[0m [36m11.11%[0m [36;2mО“ВЈГґ 5332[0m       [36;2mО“ВЈГ№ 42656[0m
      http_req_receiving[2m.............:[0m avg=[36m7.75ms[0m   min=[36m0s[0m       med=[36m0s[0m       max=[36m784.32ms[0m p(90)=[36m5.11ms[0m p(95)=[36m52.44ms[0m
      http_req_sending[2m...............:[0m avg=[36m24.58в”¬в•Ўs[0m  min=[36m0s[0m       med=[36m0s[0m       max=[36m47.14ms[0m  p(90)=[36m0s[0m     p(95)=[36m0s[0m     
      http_req_tls_handshaking[2m.......:[0m avg=[36m0s[0m       min=[36m0s[0m       med=[36m0s[0m       max=[36m0s[0m       p(90)=[36m0s[0m     p(95)=[36m0s[0m     
      http_req_waiting[2m...............:[0m avg=[36m603.86ms[0m min=[36m0s[0m       med=[36m354.64ms[0m max=[36m3.79s[0m    p(90)=[36m1.62s[0m  p(95)=[36m2.02s[0m  
      http_reqs[2m......................:[0m [36m47988[0m  [36;2m358.234559/s[0m
      iteration_duration[2m.............:[0m avg=[36m11.01s[0m   min=[36m210.44ms[0m med=[36m9.93s[0m    max=[36m25.82s[0m   p(90)=[36m23.15s[0m p(95)=[36m23.91s[0m 
      iterations[2m.....................:[0m [36m2666[0m   [36;2m19.90192/s[0m
      vus[2m............................:[0m [36m44[0m     [36;2mmin=1[0m        [36;2mmax=500[0m
      vus_max[2m........................:[0m [36m500[0m    [36;2mmin=500[0m      [36;2mmax=500[0m
running (2m14.0s), 000/500 VUs, 2666 complete and 0 interrupted iterations
default О“ВЈГґ [ 100% ] 000/500 VUs  2m0s
time="2026-03-15T03:16:36-07:00" level=error msg="thresholds on metrics 'http_req_duration, http_req_failed' have been crossed"

