
         /\      Grafana   /О“Г‡в•›О“Г‡в•›/  
    /\  /  \     |\  __   /  /   
   /  \/    \    | |/ /  /   О“Г‡в•›О“Г‡в•›\ 
  /          \   |   (  |  (О“Г‡в•›)  |
 / __________ \  |_|\_\  \_____/ 


     execution: local
        script: C:\Projects\Hone\sample-api\scale-tests\scenarios\stress-reviews.js
        output: -

     scenarios: (100.00%) 1 scenario, 200 max VUs, 2m30s max duration (incl. graceful stop):
              * default: Up to 200 looping VUs for 2m0s over 5 stages (gracefulRampDown: 30s, gracefulStop: 30s)


running (0m01.0s), 001/200 VUs, 0 complete and 0 interrupted iterations
default   [   1% ] 001/200 VUs  0m01.0s/2m00.0s

running (0m02.0s), 002/200 VUs, 1 complete and 0 interrupted iterations
default   [   2% ] 002/200 VUs  0m02.0s/2m00.0s

running (0m03.0s), 002/200 VUs, 2 complete and 0 interrupted iterations
default   [   2% ] 002/200 VUs  0m03.0s/2m00.0s

running (0m04.0s), 003/200 VUs, 4 complete and 0 interrupted iterations
default   [   3% ] 003/200 VUs  0m04.0s/2m00.0s

running (0m05.0s), 003/200 VUs, 6 complete and 0 interrupted iterations
default   [   4% ] 003/200 VUs  0m05.0s/2m00.0s

running (0m06.0s), 004/200 VUs, 9 complete and 0 interrupted iterations
default   [   5% ] 004/200 VUs  0m06.0s/2m00.0s

running (0m07.0s), 005/200 VUs, 12 complete and 0 interrupted iterations
default   [   6% ] 005/200 VUs  0m07.0s/2m00.0s

running (0m08.0s), 005/200 VUs, 15 complete and 0 interrupted iterations
default   [   7% ] 005/200 VUs  0m08.0s/2m00.0s

running (0m09.0s), 006/200 VUs, 19 complete and 0 interrupted iterations
default   [   7% ] 006/200 VUs  0m09.0s/2m00.0s

running (0m10.0s), 006/200 VUs, 24 complete and 0 interrupted iterations
default   [   8% ] 006/200 VUs  0m10.0s/2m00.0s

running (0m11.0s), 007/200 VUs, 29 complete and 0 interrupted iterations
default   [   9% ] 007/200 VUs  0m11.0s/2m00.0s

running (0m12.0s), 008/200 VUs, 34 complete and 0 interrupted iterations
default   [  10% ] 008/200 VUs  0m12.0s/2m00.0s

running (0m13.0s), 008/200 VUs, 39 complete and 0 interrupted iterations
default   [  11% ] 008/200 VUs  0m13.0s/2m00.0s

running (0m14.0s), 009/200 VUs, 46 complete and 0 interrupted iterations
default   [  12% ] 009/200 VUs  0m14.0s/2m00.0s

running (0m15.0s), 009/200 VUs, 53 complete and 0 interrupted iterations
default   [  12% ] 009/200 VUs  0m15.0s/2m00.0s

running (0m16.0s), 011/200 VUs, 60 complete and 0 interrupted iterations
default   [  13% ] 011/200 VUs  0m16.0s/2m00.0s

running (0m17.0s), 012/200 VUs, 67 complete and 0 interrupted iterations
default   [  14% ] 012/200 VUs  0m17.0s/2m00.0s

running (0m18.0s), 013/200 VUs, 77 complete and 0 interrupted iterations
default   [  15% ] 013/200 VUs  0m18.0s/2m00.0s

running (0m19.0s), 015/200 VUs, 87 complete and 0 interrupted iterations
default   [  16% ] 015/200 VUs  0m19.0s/2m00.0s

running (0m20.0s), 016/200 VUs, 98 complete and 0 interrupted iterations
default   [  17% ] 016/200 VUs  0m20.0s/2m00.0s

running (0m21.0s), 017/200 VUs, 109 complete and 0 interrupted iterations
default   [  17% ] 017/200 VUs  0m21.0s/2m00.0s

running (0m22.0s), 019/200 VUs, 123 complete and 0 interrupted iterations
default   [  18% ] 019/200 VUs  0m22.0s/2m00.0s

running (0m23.0s), 020/200 VUs, 137 complete and 0 interrupted iterations
default   [  19% ] 020/200 VUs  0m23.0s/2m00.0s

running (0m24.0s), 021/200 VUs, 152 complete and 0 interrupted iterations
default   [  20% ] 021/200 VUs  0m24.0s/2m00.0s

running (0m25.0s), 023/200 VUs, 167 complete and 0 interrupted iterations
default   [  21% ] 023/200 VUs  0m25.0s/2m00.0s

running (0m26.0s), 024/200 VUs, 184 complete and 0 interrupted iterations
default   [  22% ] 024/200 VUs  0m26.0s/2m00.0s

running (0m27.0s), 025/200 VUs, 203 complete and 0 interrupted iterations
default   [  22% ] 025/200 VUs  0m27.0s/2m00.0s

running (0m28.0s), 027/200 VUs, 222 complete and 0 interrupted iterations
default   [  23% ] 027/200 VUs  0m28.0s/2m00.0s

running (0m29.0s), 028/200 VUs, 242 complete and 0 interrupted iterations
default   [  24% ] 028/200 VUs  0m29.0s/2m00.0s

running (0m30.0s), 029/200 VUs, 262 complete and 0 interrupted iterations
default   [  25% ] 029/200 VUs  0m30.0s/2m00.0s

running (0m31.0s), 031/200 VUs, 285 complete and 0 interrupted iterations
default   [  26% ] 031/200 VUs  0m31.0s/2m00.0s

running (0m32.0s), 032/200 VUs, 308 complete and 0 interrupted iterations
default   [  27% ] 032/200 VUs  0m32.0s/2m00.0s

running (0m33.0s), 033/200 VUs, 332 complete and 0 interrupted iterations
default   [  27% ] 033/200 VUs  0m33.0s/2m00.0s

running (0m34.0s), 035/200 VUs, 358 complete and 0 interrupted iterations
default   [  28% ] 035/200 VUs  0m34.0s/2m00.0s

running (0m35.0s), 036/200 VUs, 383 complete and 0 interrupted iterations
default   [  29% ] 036/200 VUs  0m35.0s/2m00.0s

running (0m36.0s), 037/200 VUs, 411 complete and 0 interrupted iterations
default   [  30% ] 037/200 VUs  0m36.0s/2m00.0s

running (0m37.0s), 039/200 VUs, 439 complete and 0 interrupted iterations
default   [  31% ] 039/200 VUs  0m37.0s/2m00.0s

running (0m38.0s), 040/200 VUs, 469 complete and 0 interrupted iterations
default   [  32% ] 040/200 VUs  0m38.0s/2m00.0s

running (0m39.0s), 041/200 VUs, 497 complete and 0 interrupted iterations
default   [  32% ] 041/200 VUs  0m39.0s/2m00.0s

running (0m40.0s), 043/200 VUs, 531 complete and 0 interrupted iterations
default   [  33% ] 043/200 VUs  0m40.0s/2m00.0s

running (0m41.0s), 044/200 VUs, 561 complete and 0 interrupted iterations
default   [  34% ] 044/200 VUs  0m41.0s/2m00.0s

running (0m42.0s), 045/200 VUs, 595 complete and 0 interrupted iterations
default   [  35% ] 045/200 VUs  0m42.0s/2m00.0s

running (0m43.0s), 047/200 VUs, 630 complete and 0 interrupted iterations
default   [  36% ] 047/200 VUs  0m43.0s/2m00.0s

running (0m44.0s), 048/200 VUs, 665 complete and 0 interrupted iterations
default   [  37% ] 048/200 VUs  0m44.0s/2m00.0s

running (0m45.0s), 049/200 VUs, 699 complete and 0 interrupted iterations
default   [  37% ] 049/200 VUs  0m45.0s/2m00.0s

running (0m46.0s), 051/200 VUs, 737 complete and 0 interrupted iterations
default   [  38% ] 051/200 VUs  0m46.0s/2m00.0s

running (0m47.0s), 053/200 VUs, 780 complete and 0 interrupted iterations
default   [  39% ] 053/200 VUs  0m47.0s/2m00.0s

running (0m48.0s), 054/200 VUs, 815 complete and 0 interrupted iterations
default   [  40% ] 054/200 VUs  0m48.0s/2m00.0s

running (0m49.0s), 056/200 VUs, 856 complete and 0 interrupted iterations
default   [  41% ] 056/200 VUs  0m49.0s/2m00.0s

running (0m50.0s), 058/200 VUs, 898 complete and 0 interrupted iterations
default   [  42% ] 058/200 VUs  0m50.0s/2m00.0s

running (0m51.0s), 059/200 VUs, 946 complete and 0 interrupted iterations
default   [  42% ] 059/200 VUs  0m51.0s/2m00.0s

running (0m52.0s), 061/200 VUs, 986 complete and 0 interrupted iterations
default   [  43% ] 061/200 VUs  0m52.0s/2m00.0s

running (0m53.0s), 063/200 VUs, 1037 complete and 0 interrupted iterations
default   [  44% ] 063/200 VUs  0m53.0s/2m00.0s

running (0m54.0s), 064/200 VUs, 1082 complete and 0 interrupted iterations
default   [  45% ] 064/200 VUs  0m54.0s/2m00.0s

running (0m55.0s), 066/200 VUs, 1132 complete and 0 interrupted iterations
default   [  46% ] 066/200 VUs  0m55.0s/2m00.0s

running (0m56.0s), 068/200 VUs, 1179 complete and 0 interrupted iterations
default   [  47% ] 068/200 VUs  0m56.0s/2m00.0s

running (0m57.0s), 069/200 VUs, 1226 complete and 0 interrupted iterations
default   [  47% ] 069/200 VUs  0m57.0s/2m00.0s

running (0m58.0s), 071/200 VUs, 1284 complete and 0 interrupted iterations
default   [  48% ] 071/200 VUs  0m58.0s/2m00.0s

running (0m59.0s), 073/200 VUs, 1337 complete and 0 interrupted iterations
default   [  49% ] 073/200 VUs  0m59.0s/2m00.0s

running (1m00.0s), 074/200 VUs, 1390 complete and 0 interrupted iterations
default   [  50% ] 074/200 VUs  1m00.0s/2m00.0s

running (1m01.0s), 076/200 VUs, 1448 complete and 0 interrupted iterations
default   [  51% ] 076/200 VUs  1m01.0s/2m00.0s

running (1m02.0s), 078/200 VUs, 1505 complete and 0 interrupted iterations
default   [  52% ] 078/200 VUs  1m02.0s/2m00.0s

running (1m03.0s), 079/200 VUs, 1562 complete and 0 interrupted iterations
default   [  52% ] 079/200 VUs  1m03.0s/2m00.0s

running (1m04.0s), 081/200 VUs, 1627 complete and 0 interrupted iterations
default   [  53% ] 081/200 VUs  1m04.0s/2m00.0s

running (1m05.0s), 083/200 VUs, 1686 complete and 0 interrupted iterations
default   [  54% ] 083/200 VUs  1m05.0s/2m00.0s

running (1m06.0s), 084/200 VUs, 1745 complete and 0 interrupted iterations
default   [  55% ] 084/200 VUs  1m06.0s/2m00.0s

running (1m07.0s), 086/200 VUs, 1813 complete and 0 interrupted iterations
default   [  56% ] 086/200 VUs  1m07.0s/2m00.0s

running (1m08.0s), 088/200 VUs, 1877 complete and 0 interrupted iterations
default   [  57% ] 088/200 VUs  1m08.0s/2m00.0s

running (1m09.0s), 089/200 VUs, 1943 complete and 0 interrupted iterations
default   [  57% ] 089/200 VUs  1m09.0s/2m00.0s

running (1m10.0s), 091/200 VUs, 2007 complete and 0 interrupted iterations
default   [  58% ] 091/200 VUs  1m10.0s/2m00.0s

running (1m11.0s), 093/200 VUs, 2077 complete and 0 interrupted iterations
default   [  59% ] 093/200 VUs  1m11.0s/2m00.0s

running (1m12.0s), 094/200 VUs, 2147 complete and 0 interrupted iterations
default   [  60% ] 094/200 VUs  1m12.0s/2m00.0s

running (1m13.0s), 096/200 VUs, 2218 complete and 0 interrupted iterations
default   [  61% ] 096/200 VUs  1m13.0s/2m00.0s

running (1m14.0s), 098/200 VUs, 2287 complete and 0 interrupted iterations
default   [  62% ] 098/200 VUs  1m14.0s/2m00.0s

running (1m15.0s), 099/200 VUs, 2365 complete and 0 interrupted iterations
default   [  62% ] 099/200 VUs  1m15.0s/2m00.0s

running (1m16.0s), 103/200 VUs, 2438 complete and 0 interrupted iterations
default   [  63% ] 103/200 VUs  1m16.0s/2m00.0s

running (1m17.0s), 106/200 VUs, 2514 complete and 0 interrupted iterations
default   [  64% ] 106/200 VUs  1m17.0s/2m00.0s

running (1m18.0s), 109/200 VUs, 2591 complete and 0 interrupted iterations
default   [  65% ] 109/200 VUs  1m18.0s/2m00.0s

running (1m19.0s), 113/200 VUs, 2676 complete and 0 interrupted iterations
default   [  66% ] 113/200 VUs  1m19.0s/2m00.0s

running (1m20.0s), 116/200 VUs, 2759 complete and 0 interrupted iterations
default   [  67% ] 116/200 VUs  1m20.0s/2m00.0s

running (1m21.0s), 119/200 VUs, 2846 complete and 0 interrupted iterations
default   [  67% ] 119/200 VUs  1m21.0s/2m00.0s

running (1m22.0s), 123/200 VUs, 2918 complete and 0 interrupted iterations
default   [  68% ] 123/200 VUs  1m22.0s/2m00.0s

running (1m23.0s), 126/200 VUs, 3023 complete and 0 interrupted iterations
default   [  69% ] 126/200 VUs  1m23.0s/2m00.0s

running (1m24.0s), 129/200 VUs, 3118 complete and 0 interrupted iterations
default   [  70% ] 129/200 VUs  1m24.0s/2m00.0s

running (1m25.0s), 133/200 VUs, 3203 complete and 0 interrupted iterations
default   [  71% ] 133/200 VUs  1m25.0s/2m00.0s

running (1m26.0s), 136/200 VUs, 3301 complete and 0 interrupted iterations
default   [  72% ] 136/200 VUs  1m26.0s/2m00.0s

running (1m27.0s), 139/200 VUs, 3407 complete and 0 interrupted iterations
default   [  72% ] 139/200 VUs  1m27.0s/2m00.0s

running (1m28.0s), 143/200 VUs, 3501 complete and 0 interrupted iterations
default   [  73% ] 143/200 VUs  1m28.0s/2m00.0s

running (1m29.0s), 146/200 VUs, 3615 complete and 0 interrupted iterations
default   [  74% ] 146/200 VUs  1m29.0s/2m00.0s

running (1m30.0s), 149/200 VUs, 3723 complete and 0 interrupted iterations
default   [  75% ] 149/200 VUs  1m30.0s/2m00.0s

running (1m31.0s), 153/200 VUs, 3821 complete and 0 interrupted iterations
default   [  76% ] 153/200 VUs  1m31.0s/2m00.0s

running (1m32.0s), 156/200 VUs, 3939 complete and 0 interrupted iterations
default   [  77% ] 156/200 VUs  1m32.0s/2m00.0s

running (1m33.0s), 159/200 VUs, 4063 complete and 0 interrupted iterations
default   [  77% ] 159/200 VUs  1m33.0s/2m00.0s

running (1m34.0s), 163/200 VUs, 4173 complete and 0 interrupted iterations
default   [  78% ] 163/200 VUs  1m34.0s/2m00.0s

running (1m35.0s), 166/200 VUs, 4296 complete and 0 interrupted iterations
default   [  79% ] 166/200 VUs  1m35.0s/2m00.0s

running (1m36.0s), 169/200 VUs, 4422 complete and 0 interrupted iterations
default   [  80% ] 169/200 VUs  1m36.0s/2m00.0s

running (1m37.0s), 173/200 VUs, 4549 complete and 0 interrupted iterations
default   [  81% ] 173/200 VUs  1m37.0s/2m00.0s

running (1m38.0s), 176/200 VUs, 4667 complete and 0 interrupted iterations
default   [  82% ] 176/200 VUs  1m38.0s/2m00.0s

running (1m39.0s), 179/200 VUs, 4807 complete and 0 interrupted iterations
default   [  82% ] 179/200 VUs  1m39.0s/2m00.0s

running (1m40.0s), 183/200 VUs, 4911 complete and 0 interrupted iterations
default   [  83% ] 183/200 VUs  1m40.0s/2m00.0s

running (1m41.0s), 186/200 VUs, 5069 complete and 0 interrupted iterations
default   [  84% ] 186/200 VUs  1m41.0s/2m00.0s

running (1m42.0s), 189/200 VUs, 5203 complete and 0 interrupted iterations
default   [  85% ] 189/200 VUs  1m42.0s/2m00.0s

running (1m43.0s), 193/200 VUs, 5332 complete and 0 interrupted iterations
default   [  86% ] 193/200 VUs  1m43.0s/2m00.0s
time="2026-03-14T11:27:08-07:00" level=warning msg="The test has generated metrics with 100192 unique time series, which is higher than the suggested limit of 100000 and could cause high memory usage. Consider not using high-cardinality values like unique IDs as metric tags or, if you need them in the URL, use the name metric tag or URL grouping. See https://grafana.com/docs/k6/latest/using-k6/tags-and-groups/ for details." component=metrics-engine-ingester

running (1m44.0s), 196/200 VUs, 5474 complete and 0 interrupted iterations
default   [  87% ] 196/200 VUs  1m44.0s/2m00.0s

running (1m45.0s), 199/200 VUs, 5616 complete and 0 interrupted iterations
default   [  87% ] 199/200 VUs  1m45.0s/2m00.0s

running (1m46.0s), 196/200 VUs, 5763 complete and 0 interrupted iterations
default   [  88% ] 196/200 VUs  1m46.0s/2m00.0s

running (1m47.0s), 184/200 VUs, 5901 complete and 0 interrupted iterations
default   [  89% ] 184/200 VUs  1m47.0s/2m00.0s

running (1m48.0s), 171/200 VUs, 6043 complete and 0 interrupted iterations
default   [  90% ] 171/200 VUs  1m48.0s/2m00.0s

running (1m49.0s), 155/200 VUs, 6181 complete and 0 interrupted iterations
default   [  91% ] 155/200 VUs  1m49.0s/2m00.0s

running (1m50.0s), 143/200 VUs, 6298 complete and 0 interrupted iterations
default   [  92% ] 143/200 VUs  1m50.0s/2m00.0s

running (1m51.0s), 129/200 VUs, 6399 complete and 0 interrupted iterations
default   [  92% ] 129/200 VUs  1m51.0s/2m00.0s

running (1m52.0s), 114/200 VUs, 6502 complete and 0 interrupted iterations
default   [  93% ] 114/200 VUs  1m52.0s/2m00.0s

running (1m53.0s), 104/200 VUs, 6586 complete and 0 interrupted iterations
default   [  94% ] 104/200 VUs  1m53.0s/2m00.0s

running (1m54.0s), 089/200 VUs, 6667 complete and 0 interrupted iterations
default   [  95% ] 089/200 VUs  1m54.0s/2m00.0s

running (1m55.0s), 075/200 VUs, 6739 complete and 0 interrupted iterations
default   [  96% ] 075/200 VUs  1m55.0s/2m00.0s

running (1m56.0s), 064/200 VUs, 6789 complete and 0 interrupted iterations
default   [  97% ] 064/200 VUs  1m56.0s/2m00.0s

running (1m57.0s), 051/200 VUs, 6840 complete and 0 interrupted iterations
default   [  97% ] 051/200 VUs  1m57.0s/2m00.0s

running (1m58.0s), 037/200 VUs, 6881 complete and 0 interrupted iterations
default   [  98% ] 037/200 VUs  1m58.0s/2m00.0s

running (1m59.0s), 022/200 VUs, 6911 complete and 0 interrupted iterations
default   [  99% ] 022/200 VUs  1m59.0s/2m00.0s

running (2m00.0s), 010/200 VUs, 6928 complete and 0 interrupted iterations
default   [ 100% ] 010/200 VUs  2m00.0s/2m00.0s
[32m      О“ВЈГґ create review: status 201[0m
[32m      О“ВЈГґ list all reviews: status 200[0m
[32m      О“ВЈГґ get review by id: status 200[0m
[32m      О“ВЈГґ get review by id: rating matches[0m
[32m      О“ВЈГґ reviews by product: status 200[0m
[32m      О“ВЈГґ average rating: status 200[0m
[32m      О“ВЈГґ delete review: status 200 or 204[0m

      checks[2m.........................:[0m [36m100.00%[0m [36;2mО“ВЈГґ 48566[0m      [36;2mО“ВЈГ№ 0[0m    
      data_received[2m..................:[0m [36m2.9 GB[0m  [36;2m24 MB/s[0m
      data_sent[2m......................:[0m [36m4.9 MB[0m  [36;2m41 kB/s[0m
      http_req_blocked[2m...............:[0m avg=[36m3.18в”¬в•Ўs[0m   min=[36m0s[0m    med=[36m0s[0m     max=[36m21.31ms[0m  p(90)=[36m0s[0m      p(95)=[36m0s[0m     
      http_req_connecting[2m............:[0m avg=[36m1.04в”¬в•Ўs[0m   min=[36m0s[0m    med=[36m0s[0m     max=[36m1.82ms[0m   p(90)=[36m0s[0m      p(95)=[36m0s[0m     
    [32mО“ВЈГґ[0m http_req_duration[2m..............:[0m avg=[36m6.46ms[0m   min=[36m0s[0m    med=[36m1.59ms[0m max=[36m222.74ms[0m p(90)=[36m15.76ms[0m p(95)=[36m23.96ms[0m
        { expected_response:true }[2m...:[0m avg=[36m6.46ms[0m   min=[36m0s[0m    med=[36m1.59ms[0m max=[36m222.74ms[0m p(90)=[36m15.76ms[0m p(95)=[36m23.96ms[0m
    [32mО“ВЈГґ[0m http_req_failed[2m................:[0m [36m0.00%[0m   [36;2mО“ВЈГґ 0[0m          [36;2mО“ВЈГ№ 41629[0m
      http_req_receiving[2m.............:[0m avg=[36m671.29в”¬в•Ўs[0m min=[36m0s[0m    med=[36m0s[0m     max=[36m158.3ms[0m  p(90)=[36m2.1ms[0m   p(95)=[36m2.63ms[0m 
      http_req_sending[2m...............:[0m avg=[36m5.34в”¬в•Ўs[0m   min=[36m0s[0m    med=[36m0s[0m     max=[36m13.27ms[0m  p(90)=[36m0s[0m      p(95)=[36m0s[0m     
      http_req_tls_handshaking[2m.......:[0m avg=[36m0s[0m       min=[36m0s[0m    med=[36m0s[0m     max=[36m0s[0m       p(90)=[36m0s[0m      p(95)=[36m0s[0m     
      http_req_waiting[2m...............:[0m avg=[36m5.78ms[0m   min=[36m0s[0m    med=[36m1.3ms[0m  max=[36m220.55ms[0m p(90)=[36m13.56ms[0m p(95)=[36m22.31ms[0m
      http_reqs[2m......................:[0m [36m41629[0m   [36;2m344.896345/s[0m
      iteration_duration[2m.............:[0m avg=[36m1.34s[0m    min=[36m1.31s[0m med=[36m1.32s[0m  max=[36m1.54s[0m    p(90)=[36m1.39s[0m   p(95)=[36m1.42s[0m  
      iterations[2m.....................:[0m [36m6938[0m    [36;2m57.481343/s[0m
      vus[2m............................:[0m [36m10[0m      [36;2mmin=1[0m        [36;2mmax=199[0m
      vus_max[2m........................:[0m [36m200[0m     [36;2mmin=200[0m      [36;2mmax=200[0m
running (2m00.7s), 000/200 VUs, 6938 complete and 0 interrupted iterations
default О“ВЈГґ [ 100% ] 000/200 VUs  2m0s

