
         /\      Grafana   /О“Г‡в•›О“Г‡в•›/  
    /\  /  \     |\  __   /  /   
   /  \/    \    | |/ /  /   О“Г‡в•›О“Г‡в•›\ 
  /          \   |   (  |  (О“Г‡в•›)  |
 / __________ \  |_|\_\  \_____/ 


     execution: local
        script: C:\Projects\Hone\sample-api\scale-tests\scenarios\stress-orders.js
        output: -

     scenarios: (100.00%) 1 scenario, 200 max VUs, 2m30s max duration (incl. graceful stop):
              * default: Up to 200 looping VUs for 2m0s over 5 stages (gracefulRampDown: 30s, gracefulStop: 30s)


running (0m01.0s), 001/200 VUs, 0 complete and 0 interrupted iterations
default   [   1% ] 001/200 VUs  0m01.0s/2m00.0s

running (0m02.0s), 002/200 VUs, 1 complete and 0 interrupted iterations
default   [   2% ] 002/200 VUs  0m02.0s/2m00.0s

running (0m03.0s), 002/200 VUs, 1 complete and 0 interrupted iterations
default   [   2% ] 002/200 VUs  0m03.0s/2m00.0s

running (0m04.0s), 003/200 VUs, 3 complete and 0 interrupted iterations
default   [   3% ] 003/200 VUs  0m04.0s/2m00.0s

running (0m05.0s), 003/200 VUs, 5 complete and 0 interrupted iterations
default   [   4% ] 003/200 VUs  0m05.0s/2m00.0s

running (0m06.0s), 004/200 VUs, 6 complete and 0 interrupted iterations
default   [   5% ] 004/200 VUs  0m06.0s/2m00.0s

running (0m07.0s), 005/200 VUs, 9 complete and 0 interrupted iterations
default   [   6% ] 005/200 VUs  0m07.0s/2m00.0s

running (0m08.0s), 005/200 VUs, 13 complete and 0 interrupted iterations
default   [   7% ] 005/200 VUs  0m08.0s/2m00.0s

running (0m09.0s), 006/200 VUs, 15 complete and 0 interrupted iterations
default   [   7% ] 006/200 VUs  0m09.0s/2m00.0s

running (0m10.0s), 006/200 VUs, 19 complete and 0 interrupted iterations
default   [   8% ] 006/200 VUs  0m10.0s/2m00.0s

running (0m11.0s), 007/200 VUs, 21 complete and 0 interrupted iterations
default   [   9% ] 007/200 VUs  0m11.0s/2m00.0s

running (0m12.0s), 008/200 VUs, 28 complete and 0 interrupted iterations
default   [  10% ] 008/200 VUs  0m12.0s/2m00.0s

running (0m13.0s), 008/200 VUs, 28 complete and 0 interrupted iterations
default   [  11% ] 008/200 VUs  0m13.0s/2m00.0s

running (0m14.0s), 009/200 VUs, 36 complete and 0 interrupted iterations
default   [  12% ] 009/200 VUs  0m14.0s/2m00.0s

running (0m15.0s), 009/200 VUs, 37 complete and 0 interrupted iterations
default   [  12% ] 009/200 VUs  0m15.0s/2m00.0s

running (0m16.0s), 011/200 VUs, 45 complete and 0 interrupted iterations
default   [  13% ] 011/200 VUs  0m16.0s/2m00.0s

running (0m17.0s), 012/200 VUs, 55 complete and 0 interrupted iterations
default   [  14% ] 012/200 VUs  0m17.0s/2m00.0s

running (0m18.0s), 013/200 VUs, 64 complete and 0 interrupted iterations
default   [  15% ] 013/200 VUs  0m18.0s/2m00.0s

running (0m19.0s), 015/200 VUs, 75 complete and 0 interrupted iterations
default   [  16% ] 015/200 VUs  0m19.0s/2m00.0s

running (0m20.0s), 016/200 VUs, 84 complete and 0 interrupted iterations
default   [  17% ] 016/200 VUs  0m20.0s/2m00.0s

running (0m21.0s), 017/200 VUs, 98 complete and 0 interrupted iterations
default   [  17% ] 017/200 VUs  0m21.0s/2m00.0s

running (0m22.0s), 019/200 VUs, 110 complete and 0 interrupted iterations
default   [  18% ] 019/200 VUs  0m22.0s/2m00.0s

running (0m23.0s), 020/200 VUs, 121 complete and 0 interrupted iterations
default   [  19% ] 020/200 VUs  0m23.0s/2m00.0s

running (0m24.0s), 021/200 VUs, 140 complete and 0 interrupted iterations
default   [  20% ] 021/200 VUs  0m24.0s/2m00.0s

running (0m25.0s), 023/200 VUs, 157 complete and 0 interrupted iterations
default   [  21% ] 023/200 VUs  0m25.0s/2m00.0s

running (0m26.0s), 024/200 VUs, 173 complete and 0 interrupted iterations
default   [  22% ] 024/200 VUs  0m26.0s/2m00.0s

running (0m27.0s), 025/200 VUs, 187 complete and 0 interrupted iterations
default   [  22% ] 025/200 VUs  0m27.0s/2m00.0s

running (0m28.0s), 027/200 VUs, 210 complete and 0 interrupted iterations
default   [  23% ] 027/200 VUs  0m28.0s/2m00.0s

running (0m29.0s), 028/200 VUs, 234 complete and 0 interrupted iterations
default   [  24% ] 028/200 VUs  0m29.0s/2m00.0s

running (0m30.0s), 029/200 VUs, 245 complete and 0 interrupted iterations
default   [  25% ] 029/200 VUs  0m30.0s/2m00.0s

running (0m31.0s), 031/200 VUs, 270 complete and 0 interrupted iterations
default   [  26% ] 031/200 VUs  0m31.0s/2m00.0s

running (0m32.0s), 032/200 VUs, 294 complete and 0 interrupted iterations
default   [  27% ] 032/200 VUs  0m32.0s/2m00.0s

running (0m33.0s), 033/200 VUs, 311 complete and 0 interrupted iterations
default   [  27% ] 033/200 VUs  0m33.0s/2m00.0s

running (0m34.0s), 035/200 VUs, 334 complete and 0 interrupted iterations
default   [  28% ] 035/200 VUs  0m34.0s/2m00.0s

running (0m35.0s), 036/200 VUs, 359 complete and 0 interrupted iterations
default   [  29% ] 036/200 VUs  0m35.0s/2m00.0s

running (0m36.0s), 037/200 VUs, 386 complete and 0 interrupted iterations
default   [  30% ] 037/200 VUs  0m36.0s/2m00.0s

running (0m37.0s), 039/200 VUs, 406 complete and 0 interrupted iterations
default   [  31% ] 039/200 VUs  0m37.0s/2m00.0s

running (0m38.0s), 040/200 VUs, 427 complete and 0 interrupted iterations
default   [  32% ] 040/200 VUs  0m38.0s/2m00.0s

running (0m39.0s), 041/200 VUs, 447 complete and 0 interrupted iterations
default   [  32% ] 041/200 VUs  0m39.0s/2m00.0s

running (0m40.0s), 043/200 VUs, 473 complete and 0 interrupted iterations
default   [  33% ] 043/200 VUs  0m40.0s/2m00.0s

running (0m41.0s), 044/200 VUs, 501 complete and 0 interrupted iterations
default   [  34% ] 044/200 VUs  0m41.0s/2m00.0s

running (0m42.0s), 045/200 VUs, 530 complete and 0 interrupted iterations
default   [  35% ] 045/200 VUs  0m42.0s/2m00.0s

running (0m43.0s), 047/200 VUs, 553 complete and 0 interrupted iterations
default   [  36% ] 047/200 VUs  0m43.0s/2m00.0s

running (0m44.0s), 048/200 VUs, 576 complete and 0 interrupted iterations
default   [  37% ] 048/200 VUs  0m44.0s/2m00.0s

running (0m45.0s), 049/200 VUs, 605 complete and 0 interrupted iterations
default   [  37% ] 049/200 VUs  0m45.0s/2m00.0s

running (0m46.0s), 051/200 VUs, 625 complete and 0 interrupted iterations
default   [  38% ] 051/200 VUs  0m46.0s/2m00.0s

running (0m47.0s), 053/200 VUs, 660 complete and 0 interrupted iterations
default   [  39% ] 053/200 VUs  0m47.0s/2m00.0s

running (0m48.0s), 054/200 VUs, 680 complete and 0 interrupted iterations
default   [  40% ] 054/200 VUs  0m48.0s/2m00.0s

running (0m49.0s), 056/200 VUs, 716 complete and 0 interrupted iterations
default   [  41% ] 056/200 VUs  0m49.0s/2m00.0s

running (0m50.0s), 058/200 VUs, 735 complete and 0 interrupted iterations
default   [  42% ] 058/200 VUs  0m50.0s/2m00.0s

running (0m51.0s), 059/200 VUs, 774 complete and 0 interrupted iterations
default   [  42% ] 059/200 VUs  0m51.0s/2m00.0s

running (0m52.0s), 061/200 VUs, 794 complete and 0 interrupted iterations
default   [  43% ] 061/200 VUs  0m52.0s/2m00.0s

running (0m53.0s), 063/200 VUs, 832 complete and 0 interrupted iterations
default   [  44% ] 063/200 VUs  0m53.0s/2m00.0s

running (0m54.0s), 064/200 VUs, 847 complete and 0 interrupted iterations
default   [  45% ] 064/200 VUs  0m54.0s/2m00.0s

running (0m55.0s), 066/200 VUs, 877 complete and 0 interrupted iterations
default   [  46% ] 066/200 VUs  0m55.0s/2m00.0s

running (0m56.0s), 068/200 VUs, 908 complete and 0 interrupted iterations
default   [  47% ] 068/200 VUs  0m56.0s/2m00.0s

running (0m57.0s), 069/200 VUs, 927 complete and 0 interrupted iterations
default   [  47% ] 069/200 VUs  0m57.0s/2m00.0s

running (0m58.0s), 071/200 VUs, 968 complete and 0 interrupted iterations
default   [  48% ] 071/200 VUs  0m58.0s/2m00.0s

running (0m59.0s), 073/200 VUs, 998 complete and 0 interrupted iterations
default   [  49% ] 073/200 VUs  0m59.0s/2m00.0s

running (1m00.0s), 074/200 VUs, 1039 complete and 0 interrupted iterations
default   [  50% ] 074/200 VUs  1m00.0s/2m00.0s

running (1m01.0s), 076/200 VUs, 1060 complete and 0 interrupted iterations
default   [  51% ] 076/200 VUs  1m01.0s/2m00.0s

running (1m02.0s), 078/200 VUs, 1087 complete and 0 interrupted iterations
default   [  52% ] 078/200 VUs  1m02.0s/2m00.0s

running (1m03.0s), 079/200 VUs, 1124 complete and 0 interrupted iterations
default   [  52% ] 079/200 VUs  1m03.0s/2m00.0s

running (1m04.0s), 081/200 VUs, 1144 complete and 0 interrupted iterations
default   [  53% ] 081/200 VUs  1m04.0s/2m00.0s

running (1m05.0s), 083/200 VUs, 1182 complete and 0 interrupted iterations
default   [  54% ] 083/200 VUs  1m05.0s/2m00.0s

running (1m06.0s), 084/200 VUs, 1215 complete and 0 interrupted iterations
default   [  55% ] 084/200 VUs  1m06.0s/2m00.0s

running (1m07.0s), 086/200 VUs, 1227 complete and 0 interrupted iterations
default   [  56% ] 086/200 VUs  1m07.0s/2m00.0s

running (1m08.0s), 088/200 VUs, 1270 complete and 0 interrupted iterations
default   [  57% ] 088/200 VUs  1m08.0s/2m00.0s

running (1m09.0s), 089/200 VUs, 1306 complete and 0 interrupted iterations
default   [  57% ] 089/200 VUs  1m09.0s/2m00.0s

running (1m10.0s), 091/200 VUs, 1325 complete and 0 interrupted iterations
default   [  58% ] 091/200 VUs  1m10.0s/2m00.0s

running (1m11.0s), 093/200 VUs, 1362 complete and 0 interrupted iterations
default   [  59% ] 093/200 VUs  1m11.0s/2m00.0s

running (1m12.0s), 094/200 VUs, 1392 complete and 0 interrupted iterations
default   [  60% ] 094/200 VUs  1m12.0s/2m00.0s

running (1m13.0s), 096/200 VUs, 1413 complete and 0 interrupted iterations
default   [  61% ] 096/200 VUs  1m13.0s/2m00.0s

running (1m14.0s), 098/200 VUs, 1440 complete and 0 interrupted iterations
default   [  62% ] 098/200 VUs  1m14.0s/2m00.0s

running (1m15.0s), 099/200 VUs, 1469 complete and 0 interrupted iterations
default   [  62% ] 099/200 VUs  1m15.0s/2m00.0s

running (1m16.0s), 103/200 VUs, 1504 complete and 0 interrupted iterations
default   [  63% ] 103/200 VUs  1m16.0s/2m00.0s

running (1m17.0s), 106/200 VUs, 1529 complete and 0 interrupted iterations
default   [  64% ] 106/200 VUs  1m17.0s/2m00.0s

running (1m18.0s), 109/200 VUs, 1550 complete and 0 interrupted iterations
default   [  65% ] 109/200 VUs  1m18.0s/2m00.0s

running (1m19.0s), 113/200 VUs, 1589 complete and 0 interrupted iterations
default   [  66% ] 113/200 VUs  1m19.0s/2m00.0s

running (1m20.0s), 116/200 VUs, 1603 complete and 0 interrupted iterations
default   [  67% ] 116/200 VUs  1m20.0s/2m00.0s

running (1m21.0s), 120/200 VUs, 1633 complete and 0 interrupted iterations
default   [  68% ] 120/200 VUs  1m21.0s/2m00.0s

running (1m22.0s), 123/200 VUs, 1643 complete and 0 interrupted iterations
default   [  68% ] 123/200 VUs  1m22.0s/2m00.0s

running (1m23.0s), 126/200 VUs, 1662 complete and 0 interrupted iterations
default   [  69% ] 126/200 VUs  1m23.0s/2m00.0s

running (1m24.0s), 129/200 VUs, 1689 complete and 0 interrupted iterations
default   [  70% ] 129/200 VUs  1m24.0s/2m00.0s

running (1m25.0s), 133/200 VUs, 1725 complete and 0 interrupted iterations
default   [  71% ] 133/200 VUs  1m25.0s/2m00.0s

running (1m26.0s), 136/200 VUs, 1747 complete and 0 interrupted iterations
default   [  72% ] 136/200 VUs  1m26.0s/2m00.0s

running (1m27.0s), 139/200 VUs, 1770 complete and 0 interrupted iterations
default   [  72% ] 139/200 VUs  1m27.0s/2m00.0s

running (1m28.0s), 143/200 VUs, 1777 complete and 0 interrupted iterations
default   [  73% ] 143/200 VUs  1m28.0s/2m00.0s

running (1m29.0s), 146/200 VUs, 1803 complete and 0 interrupted iterations
default   [  74% ] 146/200 VUs  1m29.0s/2m00.0s

running (1m30.0s), 149/200 VUs, 1827 complete and 0 interrupted iterations
default   [  75% ] 149/200 VUs  1m30.0s/2m00.0s

running (1m31.0s), 153/200 VUs, 1861 complete and 0 interrupted iterations
default   [  76% ] 153/200 VUs  1m31.0s/2m00.0s

running (1m32.0s), 156/200 VUs, 1878 complete and 0 interrupted iterations
default   [  77% ] 156/200 VUs  1m32.0s/2m00.0s

running (1m33.0s), 159/200 VUs, 1907 complete and 0 interrupted iterations
default   [  77% ] 159/200 VUs  1m33.0s/2m00.0s

running (1m34.0s), 163/200 VUs, 1932 complete and 0 interrupted iterations
default   [  78% ] 163/200 VUs  1m34.0s/2m00.0s

running (1m35.0s), 166/200 VUs, 1949 complete and 0 interrupted iterations
default   [  79% ] 166/200 VUs  1m35.0s/2m00.0s

running (1m36.0s), 169/200 VUs, 1987 complete and 0 interrupted iterations
default   [  80% ] 169/200 VUs  1m36.0s/2m00.0s

running (1m37.0s), 173/200 VUs, 2012 complete and 0 interrupted iterations
default   [  81% ] 173/200 VUs  1m37.0s/2m00.0s

running (1m38.0s), 176/200 VUs, 2034 complete and 0 interrupted iterations
default   [  82% ] 176/200 VUs  1m38.0s/2m00.0s

running (1m39.0s), 179/200 VUs, 2071 complete and 0 interrupted iterations
default   [  82% ] 179/200 VUs  1m39.0s/2m00.0s

running (1m40.0s), 183/200 VUs, 2093 complete and 0 interrupted iterations
default   [  83% ] 183/200 VUs  1m40.0s/2m00.0s

running (1m41.0s), 186/200 VUs, 2122 complete and 0 interrupted iterations
default   [  84% ] 186/200 VUs  1m41.0s/2m00.0s

running (1m42.0s), 189/200 VUs, 2145 complete and 0 interrupted iterations
default   [  85% ] 189/200 VUs  1m42.0s/2m00.0s

running (1m43.1s), 193/200 VUs, 2179 complete and 0 interrupted iterations
default   [  86% ] 193/200 VUs  1m43.1s/2m00.0s

running (1m44.0s), 196/200 VUs, 2201 complete and 0 interrupted iterations
default   [  87% ] 196/200 VUs  1m44.0s/2m00.0s

running (1m45.0s), 200/200 VUs, 2224 complete and 0 interrupted iterations
default   [  88% ] 200/200 VUs  1m45.0s/2m00.0s

running (1m46.0s), 200/200 VUs, 2230 complete and 0 interrupted iterations
default   [  88% ] 200/200 VUs  1m46.0s/2m00.0s

running (1m47.0s), 197/200 VUs, 2264 complete and 0 interrupted iterations
default   [  89% ] 197/200 VUs  1m47.0s/2m00.0s

running (1m48.0s), 193/200 VUs, 2286 complete and 0 interrupted iterations
default   [  90% ] 193/200 VUs  1m48.0s/2m00.0s

running (1m49.0s), 187/200 VUs, 2309 complete and 0 interrupted iterations
default   [  91% ] 187/200 VUs  1m49.0s/2m00.0s

running (1m50.0s), 173/200 VUs, 2358 complete and 0 interrupted iterations
default   [  92% ] 173/200 VUs  1m50.0s/2m00.0s

running (1m51.0s), 170/200 VUs, 2381 complete and 0 interrupted iterations
default   [  93% ] 170/200 VUs  1m51.0s/2m00.0s

running (1m52.0s), 159/200 VUs, 2404 complete and 0 interrupted iterations
default   [  93% ] 159/200 VUs  1m52.0s/2m00.0s

running (1m53.2s), 140/200 VUs, 2439 complete and 0 interrupted iterations
default   [  94% ] 140/200 VUs  1m53.1s/2m00.0s

running (1m54.0s), 136/200 VUs, 2446 complete and 0 interrupted iterations
default   [  95% ] 136/200 VUs  1m54.0s/2m00.0s

running (1m55.0s), 120/200 VUs, 2477 complete and 0 interrupted iterations
default   [  96% ] 120/200 VUs  1m55.0s/2m00.0s

running (1m56.0s), 101/200 VUs, 2512 complete and 0 interrupted iterations
default   [  97% ] 101/200 VUs  1m56.0s/2m00.0s

running (1m57.0s), 060/200 VUs, 2580 complete and 0 interrupted iterations
default   [  97% ] 060/200 VUs  1m57.0s/2m00.0s

running (1m58.0s), 045/200 VUs, 2609 complete and 0 interrupted iterations
default   [  98% ] 045/200 VUs  1m58.0s/2m00.0s

running (1m59.0s), 025/200 VUs, 2642 complete and 0 interrupted iterations
default   [  99% ] 025/200 VUs  1m59.0s/2m00.0s

running (2m00.0s), 009/200 VUs, 2664 complete and 0 interrupted iterations
default   [ 100% ] 009/200 VUs  2m00.0s/2m00.0s

running (2m01.0s), 001/200 VUs, 2672 complete and 0 interrupted iterations
default О“ГҐГґ [ 100% ] 009/200 VUs  2m0s
[32m      О“ВЈГґ create order: status 201[0m
[32m      О“ВЈГґ get order by id: status 200[0m
[32m      О“ВЈГґ orders by customer: status 200[0m
[32m      О“ВЈГґ orders by customer: has results[0m
[32m      О“ВЈГґ update to Shipped: status 200 or 204[0m
[32m      О“ВЈГґ update to Delivered: status 200 or 204[0m

      checks[2m.........................:[0m [36m100.00%[0m [36;2mО“ВЈГґ 16038[0m      [36;2mО“ВЈГ№ 0[0m    
      data_received[2m..................:[0m [36m8.6 MB[0m  [36;2m71 kB/s[0m
      data_sent[2m......................:[0m [36m2.1 MB[0m  [36;2m17 kB/s[0m
      http_req_blocked[2m...............:[0m avg=[36m22.25в”¬в•Ўs[0m  min=[36m0s[0m    med=[36m0s[0m       max=[36m16.2ms[0m  p(90)=[36m0s[0m     p(95)=[36m0s[0m    
      http_req_connecting[2m............:[0m avg=[36m17в”¬в•Ўs[0m     min=[36m0s[0m    med=[36m0s[0m       max=[36m16.2ms[0m  p(90)=[36m0s[0m     p(95)=[36m0s[0m    
    [32mО“ВЈГґ[0m http_req_duration[2m..............:[0m avg=[36m497.3ms[0m  min=[36m0s[0m    med=[36m298.88ms[0m max=[36m3.16s[0m   p(90)=[36m1.4s[0m   p(95)=[36m1.74s[0m 
        { expected_response:true }[2m...:[0m avg=[36m497.3ms[0m  min=[36m0s[0m    med=[36m298.88ms[0m max=[36m3.16s[0m   p(90)=[36m1.4s[0m   p(95)=[36m1.74s[0m 
    [32mО“ВЈГґ[0m http_req_failed[2m................:[0m [36m0.00%[0m   [36;2mО“ВЈГґ 0[0m          [36;2mО“ВЈГ№ 13366[0m
      http_req_receiving[2m.............:[0m avg=[36m709.12в”¬в•Ўs[0m min=[36m0s[0m    med=[36m0s[0m       max=[36m102.1ms[0m p(90)=[36m1.85ms[0m p(95)=[36m4.18ms[0m
      http_req_sending[2m...............:[0m avg=[36m17.95в”¬в•Ўs[0m  min=[36m0s[0m    med=[36m0s[0m       max=[36m20.48ms[0m p(90)=[36m0s[0m     p(95)=[36m0s[0m    
      http_req_tls_handshaking[2m.......:[0m avg=[36m0s[0m       min=[36m0s[0m    med=[36m0s[0m       max=[36m0s[0m      p(90)=[36m0s[0m     p(95)=[36m0s[0m    
      http_req_waiting[2m...............:[0m avg=[36m496.57ms[0m min=[36m0s[0m    med=[36m298.16ms[0m max=[36m3.16s[0m   p(90)=[36m1.4s[0m   p(95)=[36m1.74s[0m 
      http_reqs[2m......................:[0m [36m13366[0m   [36;2m110.451249/s[0m
      iteration_duration[2m.............:[0m avg=[36m3.62s[0m    min=[36m1.23s[0m med=[36m2.75s[0m    max=[36m9.56s[0m   p(90)=[36m6.82s[0m  p(95)=[36m7.53s[0m 
      iterations[2m.....................:[0m [36m2673[0m    [36;2m22.088597/s[0m
      vus[2m............................:[0m [36m1[0m       [36;2mmin=1[0m        [36;2mmax=200[0m
      vus_max[2m........................:[0m [36m200[0m     [36;2mmin=200[0m      [36;2mmax=200[0m
running (2m01.0s), 000/200 VUs, 2673 complete and 0 interrupted iterations
default О“ВЈГґ [ 100% ] 000/200 VUs  2m0s

