
         /\      Grafana   /О“Г‡в•›О“Г‡в•›/  
    /\  /  \     |\  __   /  /   
   /  \/    \    | |/ /  /   О“Г‡в•›О“Г‡в•›\ 
  /          \   |   (  |  (О“Г‡в•›)  |
 / __________ \  |_|\_\  \_____/ 


     execution: local
        script: C:\Projects\Hone\sample-api\scale-tests\scenarios\spike.js
        output: -

     scenarios: (100.00%) 1 scenario, 100 max VUs, 1m17s max duration (incl. graceful stop):
              * default: Up to 100 looping VUs for 47s over 5 stages (gracefulRampDown: 30s, gracefulStop: 30s)


running (0m01.0s), 001/100 VUs, 3 complete and 0 interrupted iterations
default   [   2% ] 001/100 VUs  01.0s/47.0s

running (0m02.0s), 001/100 VUs, 7 complete and 0 interrupted iterations
default   [   4% ] 001/100 VUs  02.0s/47.0s

running (0m03.0s), 001/100 VUs, 11 complete and 0 interrupted iterations
default   [   6% ] 001/100 VUs  03.0s/47.0s

running (0m04.0s), 001/100 VUs, 15 complete and 0 interrupted iterations
default   [   8% ] 001/100 VUs  04.0s/47.0s

running (0m05.0s), 001/100 VUs, 19 complete and 0 interrupted iterations
default   [  11% ] 001/100 VUs  05.0s/47.0s

running (0m06.0s), 098/100 VUs, 54 complete and 0 interrupted iterations
default   [  13% ] 098/100 VUs  06.0s/47.0s

running (0m07.0s), 100/100 VUs, 153 complete and 0 interrupted iterations
default   [  15% ] 100/100 VUs  07.0s/47.0s

running (0m08.0s), 100/100 VUs, 266 complete and 0 interrupted iterations
default   [  17% ] 100/100 VUs  08.0s/47.0s

running (0m09.0s), 100/100 VUs, 373 complete and 0 interrupted iterations
default   [  19% ] 100/100 VUs  09.0s/47.0s

running (0m10.0s), 100/100 VUs, 474 complete and 0 interrupted iterations
default   [  21% ] 100/100 VUs  10.0s/47.0s

running (0m11.0s), 100/100 VUs, 581 complete and 0 interrupted iterations
default   [  23% ] 100/100 VUs  11.0s/47.0s

running (0m12.0s), 100/100 VUs, 693 complete and 0 interrupted iterations
default   [  26% ] 100/100 VUs  12.0s/47.0s

running (0m13.0s), 100/100 VUs, 818 complete and 0 interrupted iterations
default   [  28% ] 100/100 VUs  13.0s/47.0s

running (0m14.0s), 100/100 VUs, 941 complete and 0 interrupted iterations
default   [  30% ] 100/100 VUs  14.0s/47.0s

running (0m15.0s), 100/100 VUs, 1039 complete and 0 interrupted iterations
default   [  32% ] 100/100 VUs  15.0s/47.0s

running (0m16.0s), 100/100 VUs, 1116 complete and 0 interrupted iterations
default   [  34% ] 100/100 VUs  16.0s/47.0s

running (0m17.0s), 100/100 VUs, 1205 complete and 0 interrupted iterations
default   [  36% ] 100/100 VUs  17.0s/47.0s

running (0m18.0s), 100/100 VUs, 1326 complete and 0 interrupted iterations
default   [  38% ] 100/100 VUs  18.0s/47.0s

running (0m19.0s), 100/100 VUs, 1453 complete and 0 interrupted iterations
default   [  40% ] 100/100 VUs  19.0s/47.0s

running (0m20.0s), 100/100 VUs, 1532 complete and 0 interrupted iterations
default   [  43% ] 100/100 VUs  20.0s/47.0s

running (0m21.0s), 100/100 VUs, 1636 complete and 0 interrupted iterations
default   [  45% ] 100/100 VUs  21.0s/47.0s

running (0m22.0s), 100/100 VUs, 1757 complete and 0 interrupted iterations
default   [  47% ] 100/100 VUs  22.0s/47.0s

running (0m23.0s), 100/100 VUs, 1871 complete and 0 interrupted iterations
default   [  49% ] 100/100 VUs  23.0s/47.0s

running (0m24.0s), 100/100 VUs, 1996 complete and 0 interrupted iterations
default   [  51% ] 100/100 VUs  24.0s/47.0s

running (0m25.0s), 100/100 VUs, 2090 complete and 0 interrupted iterations
default   [  53% ] 100/100 VUs  25.0s/47.0s

running (0m26.0s), 100/100 VUs, 2191 complete and 0 interrupted iterations
default   [  55% ] 100/100 VUs  26.0s/47.0s

running (0m27.0s), 100/100 VUs, 2311 complete and 0 interrupted iterations
default   [  57% ] 100/100 VUs  27.0s/47.0s

running (0m28.0s), 100/100 VUs, 2424 complete and 0 interrupted iterations
default   [  60% ] 100/100 VUs  28.0s/47.0s

running (0m29.0s), 100/100 VUs, 2522 complete and 0 interrupted iterations
default   [  62% ] 100/100 VUs  29.0s/47.0s

running (0m30.0s), 100/100 VUs, 2590 complete and 0 interrupted iterations
default   [  64% ] 100/100 VUs  30.0s/47.0s

running (0m31.0s), 100/100 VUs, 2724 complete and 0 interrupted iterations
default   [  66% ] 100/100 VUs  31.0s/47.0s

running (0m32.0s), 100/100 VUs, 2846 complete and 0 interrupted iterations
default   [  68% ] 100/100 VUs  32.0s/47.0s

running (0m33.0s), 100/100 VUs, 2945 complete and 0 interrupted iterations
default   [  70% ] 100/100 VUs  33.0s/47.0s

running (0m34.0s), 100/100 VUs, 3037 complete and 0 interrupted iterations
default   [  72% ] 100/100 VUs  34.0s/47.0s

running (0m35.0s), 100/100 VUs, 3151 complete and 0 interrupted iterations
default   [  74% ] 100/100 VUs  35.0s/47.0s

running (0m36.0s), 100/100 VUs, 3277 complete and 0 interrupted iterations
default   [  77% ] 100/100 VUs  36.0s/47.0s

running (0m37.0s), 015/100 VUs, 3408 complete and 0 interrupted iterations
default   [  79% ] 015/100 VUs  37.0s/47.0s

running (0m38.0s), 001/100 VUs, 3426 complete and 0 interrupted iterations
default   [  81% ] 001/100 VUs  38.0s/47.0s

running (0m39.0s), 001/100 VUs, 3430 complete and 0 interrupted iterations
default   [  83% ] 001/100 VUs  39.0s/47.0s

running (0m40.0s), 001/100 VUs, 3434 complete and 0 interrupted iterations
default   [  85% ] 001/100 VUs  40.0s/47.0s

running (0m41.0s), 001/100 VUs, 3438 complete and 0 interrupted iterations
default   [  87% ] 001/100 VUs  41.0s/47.0s

running (0m42.0s), 001/100 VUs, 3442 complete and 0 interrupted iterations
default   [  89% ] 001/100 VUs  42.0s/47.0s

running (0m43.0s), 001/100 VUs, 3446 complete and 0 interrupted iterations
default   [  91% ] 001/100 VUs  43.0s/47.0s

running (0m44.0s), 001/100 VUs, 3449 complete and 0 interrupted iterations
default   [  94% ] 001/100 VUs  44.0s/47.0s

running (0m45.0s), 001/100 VUs, 3453 complete and 0 interrupted iterations
default   [  96% ] 001/100 VUs  45.0s/47.0s

running (0m46.0s), 001/100 VUs, 3457 complete and 0 interrupted iterations
default   [  98% ] 001/100 VUs  46.0s/47.0s

running (0m47.0s), 001/100 VUs, 3461 complete and 0 interrupted iterations
default   [ 100% ] 001/100 VUs  47.0s/47.0s
[32m      О“ВЈГґ list: status 200[0m
[32m      О“ВЈГґ search: status 200[0m
[32m      О“ВЈГґ reviews: status 200[0m
[32m      О“ВЈГґ home page: status 200[0m
[32m      О“ВЈГґ detail page: status 200[0m

      checks[2m.........................:[0m [36m100.00%[0m [36;2mО“ВЈГґ 17310[0m      [36;2mО“ВЈГ№ 0[0m    
      data_received[2m..................:[0m [36m2.1 GB[0m  [36;2m44 MB/s[0m
      data_sent[2m......................:[0m [36m1.5 MB[0m  [36;2m32 kB/s[0m
      http_req_blocked[2m...............:[0m avg=[36m13.97в”¬в•Ўs[0m  min=[36m0s[0m       med=[36m0s[0m       max=[36m32.29ms[0m  p(90)=[36m0s[0m       p(95)=[36m0s[0m      
      http_req_connecting[2m............:[0m avg=[36m5.42в”¬в•Ўs[0m   min=[36m0s[0m       med=[36m0s[0m       max=[36m32.29ms[0m  p(90)=[36m0s[0m       p(95)=[36m0s[0m      
    [32mО“ВЈГґ[0m http_req_duration[2m..............:[0m avg=[36m140.87ms[0m min=[36m518.29в”¬в•Ўs[0m med=[36m120.03ms[0m max=[36m555.51ms[0m p(90)=[36m255.87ms[0m p(95)=[36m294.77ms[0m
        { expected_response:true }[2m...:[0m avg=[36m140.87ms[0m min=[36m518.29в”¬в•Ўs[0m med=[36m120.03ms[0m max=[36m555.51ms[0m p(90)=[36m255.87ms[0m p(95)=[36m294.77ms[0m
    [32mО“ВЈГґ[0m http_req_failed[2m................:[0m [36m0.00%[0m   [36;2mО“ВЈГґ 0[0m          [36;2mО“ВЈГ№ 17310[0m
      http_req_receiving[2m.............:[0m avg=[36m10.98ms[0m  min=[36m0s[0m       med=[36m0s[0m       max=[36m281.86ms[0m p(90)=[36m35.51ms[0m  p(95)=[36m47.08ms[0m 
      http_req_sending[2m...............:[0m avg=[36m32.85в”¬в•Ўs[0m  min=[36m0s[0m       med=[36m0s[0m       max=[36m26.78ms[0m  p(90)=[36m0s[0m       p(95)=[36m0s[0m      
      http_req_tls_handshaking[2m.......:[0m avg=[36m0s[0m       min=[36m0s[0m       med=[36m0s[0m       max=[36m0s[0m       p(90)=[36m0s[0m       p(95)=[36m0s[0m      
      http_req_waiting[2m...............:[0m avg=[36m129.86ms[0m min=[36m505.49в”¬в•Ўs[0m med=[36m108.36ms[0m max=[36m555.51ms[0m p(90)=[36m249.98ms[0m p(95)=[36m290.53ms[0m
      http_reqs[2m......................:[0m [36m17310[0m   [36;2m367.783237/s[0m
      iteration_duration[2m.............:[0m avg=[36m907.98ms[0m min=[36m251.5ms[0m  med=[36m942.34ms[0m max=[36m1.32s[0m    p(90)=[36m1.13s[0m    p(95)=[36m1.17s[0m   
      iterations[2m.....................:[0m [36m3462[0m    [36;2m73.556647/s[0m
      vus[2m............................:[0m [36m1[0m       [36;2mmin=1[0m        [36;2mmax=100[0m
      vus_max[2m........................:[0m [36m100[0m     [36;2mmin=100[0m      [36;2mmax=100[0m
running (0m47.1s), 000/100 VUs, 3462 complete and 0 interrupted iterations
default О“ВЈГґ [ 100% ] 000/100 VUs  47s

